#
# There is insufficient memory for the Java Runtime Environment to continue.
# Native memory allocation (malloc) failed to allocate 2097152 bytes for AllocateHeap
# Possible reasons:
#   The system is out of physical RAM or swap space
#   The process is running with CompressedOops enabled, and the Java Heap may be blocking the growth of the native heap
# Possible solutions:
#   Reduce memory load on the system
#   Increase physical memory or swap space
#   Check if swap backing store is full
#   Decrease Java heap size (-Xmx/-Xms)
#   Decrease number of Java threads
#   Decrease Java thread stack sizes (-Xss)
#   Set larger code cache with -XX:ReservedCodeCacheSize=
#   JVM is running with Unscaled Compressed Oops mode in which the Java heap is
#     placed in the first 4GB address space. The Java Heap base address is the
#     maximum limit for the native heap growth. Please use -XX:HeapBaseMinAddress
#     to set the Java Heap base and to place the Java Heap above 4GB virtual address.
# This output file may be truncated or incomplete.
#
#  Out of Memory Error (allocation.cpp:44), pid=1784, tid=17244
#
# JRE version: OpenJDK Runtime Environment Temurin-17.0.2+8 (17.0.2+8) (build 17.0.2+8)
# Java VM: OpenJDK 64-Bit Server VM Temurin-17.0.2+8 (17.0.2+8, mixed mode, emulated-client, tiered, compressed oops, compressed class ptrs, g1 gc, windows-amd64)
# No core dump will be written. Minidumps are not enabled by default on client versions of Windows
#

---------------  S U M M A R Y ------------

Command Line: -Dsts.lsp.client=vscode -Dsts.log.file=/dev/null -XX:TieredStopAtLevel=1 -Dspring.config.location=file:c:\Users\phcfr\.vscode\extensions\pivotal.vscode-spring-boot-1.32.0\language-server\BOOT-INF\classes\application.properties org.springframework.ide.vscode.boot.app.BootLanguageServerBootApp

Host: AMD Ryzen 7 3700U with Radeon Vega Mobile Gfx  , 8 cores, 5G,  Windows 11 , 64 bit Build 22000 (10.0.22000.434)
Time: Sun Apr  3 00:54:18 2022 Hora oficial do Brasil elapsed time: 27236.427702 seconds (0d 7h 33m 56s)

---------------  T H R E A D  ---------------

Current thread (0x00000150ccb35300):  VMThread "VM Thread" [stack: 0x0000001d6d000000,0x0000001d6d100000] [id=17244]

Stack: [0x0000001d6d000000,0x0000001d6d100000]
Native frames: (J=compiled Java code, j=interpreted, Vv=VM code, C=native code)
V  [jvm.dll+0x67564a]
V  [jvm.dll+0x82fc04]
V  [jvm.dll+0x8313ae]
V  [jvm.dll+0x831a13]
V  [jvm.dll+0x245235]
V  [jvm.dll+0xa6393]
V  [jvm.dll+0x2f52c1]
V  [jvm.dll+0x2f0f70]
V  [jvm.dll+0x2d96c7]
V  [jvm.dll+0x31c6b7]
V  [jvm.dll+0x835ebb]
V  [jvm.dll+0x836bf4]
V  [jvm.dll+0x83710c]
V  [jvm.dll+0x8374e4]
V  [jvm.dll+0x8375b0]
V  [jvm.dll+0x7dff2a]
V  [jvm.dll+0x6744d5]
C  [ucrtbase.dll+0x26c0c]
C  [KERNEL32.DLL+0x154e0]
C  [ntdll.dll+0x485b]

VM_Operation (0x0000001d6defee10): G1CollectFull, mode: safepoint, requested by thread 0x00000150cfbd2880


---------------  P R O C E S S  ---------------

Threads class SMR info:
_java_thread_list=0x00000150cdfc0560, length=26, elements={
0x00000150ccb4d390, 0x00000150ccb4e200, 0x00000150ccb8c130, 0x00000150ccb8cae0,
0x00000150ccb8d490, 0x00000150ccb8de40, 0x00000150ccb8e8a0, 0x00000150ccbb25d0,
0x00000150cd632bb0, 0x00000150cd635da0, 0x00000150cfbd2880, 0x00000150cfa8a840,
0x00000150c0b1a1c0, 0x00000150cfc65380, 0x00000150cdb38310, 0x00000150cdb58640,
0x00000150cdad5900, 0x00000150cd9af4b0, 0x00000150cf830a00, 0x00000150cf830530,
0x00000150cf830ed0, 0x00000150cf832bb0, 0x00000150cf833550, 0x00000150cf833080,
0x00000150cf833a20, 0x00000150cf831870
}

Java Threads: ( => current thread )
  0x00000150ccb4d390 JavaThread "Reference Handler" daemon [_thread_blocked, id=21524, stack(0x0000001d6d100000,0x0000001d6d200000)]
  0x00000150ccb4e200 JavaThread "Finalizer" daemon [_thread_blocked, id=7468, stack(0x0000001d6d200000,0x0000001d6d300000)]
  0x00000150ccb8c130 JavaThread "Signal Dispatcher" daemon [_thread_blocked, id=17092, stack(0x0000001d6d300000,0x0000001d6d400000)]
  0x00000150ccb8cae0 JavaThread "Attach Listener" daemon [_thread_blocked, id=296, stack(0x0000001d6d400000,0x0000001d6d500000)]
  0x00000150ccb8d490 JavaThread "Service Thread" daemon [_thread_blocked, id=4468, stack(0x0000001d6d500000,0x0000001d6d600000)]
  0x00000150ccb8de40 JavaThread "Monitor Deflation Thread" daemon [_thread_blocked, id=19980, stack(0x0000001d6d600000,0x0000001d6d700000)]
  0x00000150ccb8e8a0 JavaThread "C1 CompilerThread0" daemon [_thread_blocked, id=29640, stack(0x0000001d6d700000,0x0000001d6d800000)]
  0x00000150ccbb25d0 JavaThread "Sweeper thread" daemon [_thread_blocked, id=33696, stack(0x0000001d6d800000,0x0000001d6d900000)]
  0x00000150cd632bb0 JavaThread "Notification Thread" daemon [_thread_blocked, id=11804, stack(0x0000001d6da00000,0x0000001d6db00000)]
  0x00000150cd635da0 JavaThread "Common-Cleaner" daemon [_thread_blocked, id=3416, stack(0x0000001d6dc00000,0x0000001d6dd00000)]
  0x00000150cfbd2880 JavaThread "pool-5-thread-1" [_thread_blocked, id=1840, stack(0x0000001d6de00000,0x0000001d6df00000)]
  0x00000150cfa8a840 JavaThread "LanguageServerApp-lifecycle" [_thread_blocked, id=28084, stack(0x0000001d6e800000,0x0000001d6e900000)]
  0x00000150c0b1a1c0 JavaThread "DestroyJavaVM" [_thread_blocked, id=29556, stack(0x0000001d6ca00000,0x0000001d6cb00000)]
  0x00000150cfc65380 JavaThread "pool-6-thread-1" [_thread_in_native, id=18720, stack(0x0000001d6e900000,0x0000001d6ea00000)]
  0x00000150cdb38310 JavaThread "Simple-Language-Server main thread" daemon [_thread_blocked, id=8744, stack(0x0000001d6ea00000,0x0000001d6eb00000)]
  0x00000150cdb58640 JavaThread "pool-7-thread-1" [_thread_blocked, id=23828, stack(0x0000001d6eb00000,0x0000001d6ec00000)]
  0x00000150cdad5900 JavaThread "pool-4-thread-1" [_thread_blocked, id=19316, stack(0x0000001d6ec00000,0x0000001d6ed00000)]
  0x00000150cd9af4b0 JavaThread "Reconciler-1" [_thread_blocked, id=19072, stack(0x0000001d6ed00000,0x0000001d6ee00000)]
  0x00000150cf830a00 JavaThread "ForkJoinPool.commonPool-worker-1" daemon [_thread_in_native, id=35168, stack(0x0000001d6ee00000,0x0000001d6ef00000)]
  0x00000150cf830530 JavaThread "ForkJoinPool.commonPool-worker-2" daemon [_thread_in_native, id=9572, stack(0x0000001d6ef00000,0x0000001d6f000000)]
  0x00000150cf830ed0 JavaThread "ForkJoinPool.commonPool-worker-3" daemon [_thread_in_native, id=24780, stack(0x0000001d6f000000,0x0000001d6f100000)]
  0x00000150cf832bb0 JavaThread "ForkJoinPool.commonPool-worker-4" daemon [_thread_in_native, id=24180, stack(0x0000001d6f100000,0x0000001d6f200000)]
  0x00000150cf833550 JavaThread "ForkJoinPool.commonPool-worker-5" daemon [_thread_in_native, id=1564, stack(0x0000001d6f200000,0x0000001d6f300000)]
  0x00000150cf833080 JavaThread "ForkJoinPool.commonPool-worker-6" daemon [_thread_in_native, id=13996, stack(0x0000001d6f300000,0x0000001d6f400000)]
  0x00000150cf833a20 JavaThread "parallel-1" daemon [_thread_blocked, id=33608, stack(0x0000001d6f400000,0x0000001d6f500000)]
  0x00000150cf831870 JavaThread "ForkJoinPool.commonPool-worker-7" daemon [_thread_in_native, id=35132, stack(0x0000001d6c700000,0x0000001d6c800000)]

Other Threads:
=>0x00000150ccb35300 VMThread "VM Thread" [stack: 0x0000001d6d000000,0x0000001d6d100000] [id=17244]
  0x00000150cd635090 WatcherThread [stack: 0x0000001d6db00000,0x0000001d6dc00000] [id=27168]
  0x00000150c0b4c5e0 GCTaskThread "GC Thread#0" [stack: 0x0000001d6cb00000,0x0000001d6cc00000] [id=13588]
  0x00000150cdda88c0 GCTaskThread "GC Thread#1" [stack: 0x0000001d6df00000,0x0000001d6e000000] [id=2904]
  0x00000150cde77260 GCTaskThread "GC Thread#2" [stack: 0x0000001d6e000000,0x0000001d6e100000] [id=26360]
  0x00000150cde77510 GCTaskThread "GC Thread#3" [stack: 0x0000001d6e100000,0x0000001d6e200000] [id=21016]
  0x00000150cde777c0 GCTaskThread "GC Thread#4" [stack: 0x0000001d6e200000,0x0000001d6e300000] [id=8696]
  0x00000150cde77a70 GCTaskThread "GC Thread#5" [stack: 0x0000001d6e300000,0x0000001d6e400000] [id=9392]
  0x00000150cde79d30 GCTaskThread "GC Thread#6" [stack: 0x0000001d6e400000,0x0000001d6e500000] [id=31576]
  0x00000150cde05710 GCTaskThread "GC Thread#7" [stack: 0x0000001d6e600000,0x0000001d6e700000] [id=23948]
  0x00000150c0b5a170 ConcurrentGCThread "G1 Main Marker" [stack: 0x0000001d6cc00000,0x0000001d6cd00000] [id=31628]
  0x00000150c0b5bb90 ConcurrentGCThread "G1 Conc#0" [stack: 0x0000001d6cd00000,0x0000001d6ce00000] [id=31940]
  0x00000150ce0a6bf0 ConcurrentGCThread "G1 Conc#1" [stack: 0x0000001d6e700000,0x0000001d6e800000] [id=25372]
  0x00000150c0bd0ce0 ConcurrentGCThread "G1 Refine#0" [stack: 0x0000001d6ce00000,0x0000001d6cf00000] [id=19920]
  0x00000150cdd6a8e0 ConcurrentGCThread "G1 Refine#1" [stack: 0x0000001d6e500000,0x0000001d6e600000] [id=16440]
  0x00000150c0bd1700 ConcurrentGCThread "G1 Service" [stack: 0x0000001d6cf00000,0x0000001d6d000000] [id=32016]

Threads with active compile tasks:

VM state: at safepoint (normal execution)

VM Mutex/Monitor currently owned by a thread:  ([mutex/lock_event])
[0x00000150be94bd00] Threads_lock - owner thread: 0x00000150ccb35300
[0x00000150c0b17f20] Heap_lock - owner thread: 0x00000150cfbd2880

Heap address: 0x00000000a1e00000, size: 1506 MB, Compressed Oops mode: 32-bit

CDS archive(s) not mapped
Compressed class space mapped at: 0x0000000100000000-0x0000000140000000, reserved size: 1073741824
Narrow klass base: 0x0000000000000000, Narrow klass shift: 3, Narrow klass range: 0x140000000

GC Precious Log:
 CPUs: 8 total, 8 available
 Memory: 6020M
 Large Page Support: Disabled
 NUMA Support: Disabled
 Compressed Oops: Enabled (32-bit)
 Heap Region Size: 1M
 Heap Min Capacity: 8M
 Heap Initial Capacity: 96M
 Heap Max Capacity: 1506M
 Pre-touch: Disabled
 Parallel Workers: 8
 Concurrent Workers: 2
 Concurrent Refinement Workers: 8
 Periodic GC: Disabled

Heap:
 garbage-first heap   total 34816K, used 14387K [0x00000000a1e00000, 0x0000000100000000)
  region size 1024K, 5 young (5120K), 0 survivors (0K)
 Metaspace       used 29938K, committed 30336K, reserved 1081344K
  class space    used 4046K, committed 4224K, reserved 1048576K

Heap Regions: E=young(eden), S=young(survivor), O=old, HS=humongous(starts), HC=humongous(continues), CS=collection set, F=free, OA=open archive, CA=closed archive, TAMS=top-at-mark-start (previous, next)
|   0|0x00000000a1e00000, 0x00000000a1effff8, 0x00000000a1f00000| 99%| O|  |TAMS 0x00000000a1effff8, 0x00000000a1e00000| Untracked 
|   1|0x00000000a1f00000, 0x00000000a1fffff0, 0x00000000a2000000| 99%| O|  |TAMS 0x00000000a1fffff0, 0x00000000a1f00000| Untracked 
|   2|0x00000000a2000000, 0x00000000a2100000, 0x00000000a2100000|100%| O|  |TAMS 0x00000000a2100000, 0x00000000a2000000| Untracked 
|   3|0x00000000a2100000, 0x00000000a21ffff8, 0x00000000a2200000| 99%| O|  |TAMS 0x00000000a21ffff8, 0x00000000a2100000| Untracked 
|   4|0x00000000a2200000, 0x00000000a2300000, 0x00000000a2300000|100%| O|  |TAMS 0x00000000a2300000, 0x00000000a2200000| Untracked 
|   5|0x00000000a2300000, 0x00000000a2400000, 0x00000000a2400000|100%| O|  |TAMS 0x00000000a2400000, 0x00000000a2300000| Untracked 
|   6|0x00000000a2400000, 0x00000000a24ffff0, 0x00000000a2500000| 99%| O|  |TAMS 0x00000000a24ffff0, 0x00000000a2400000| Untracked 
|   7|0x00000000a2500000, 0x00000000a25fffd0, 0x00000000a2600000| 99%| O|  |TAMS 0x00000000a25fffd0, 0x00000000a2500000| Untracked 
|   8|0x00000000a2600000, 0x00000000a26fffc0, 0x00000000a2700000| 99%| O|  |TAMS 0x00000000a26fffc0, 0x00000000a2600000| Untracked 
|   9|0x00000000a2700000, 0x00000000a27f5428, 0x00000000a2800000| 95%| O|  |TAMS 0x00000000a27f5428, 0x00000000a2700000| Untracked 
|  10|0x00000000a2800000, 0x00000000a2816c30, 0x00000000a2900000|  8%| O|  |TAMS 0x00000000a2800000, 0x00000000a2800000| Untracked 
|  11|0x00000000a2900000, 0x00000000a2901010, 0x00000000a2a00000|  0%| O|  |TAMS 0x00000000a2900000, 0x00000000a2900000| Untracked 
|  12|0x00000000a2a00000, 0x00000000a2a00000, 0x00000000a2b00000|  0%| F|  |TAMS 0x00000000a2a00000, 0x00000000a2a00000| Untracked 
|  13|0x00000000a2b00000, 0x00000000a2b00000, 0x00000000a2c00000|  0%| F|  |TAMS 0x00000000a2b00000, 0x00000000a2b00000| Untracked 
|  14|0x00000000a2c00000, 0x00000000a2c00000, 0x00000000a2d00000|  0%| F|  |TAMS 0x00000000a2c00000, 0x00000000a2c00000| Untracked 
|  15|0x00000000a2d00000, 0x00000000a2d00000, 0x00000000a2e00000|  0%| F|  |TAMS 0x00000000a2d00000, 0x00000000a2d00000| Untracked 
|  16|0x00000000a2e00000, 0x00000000a2e00000, 0x00000000a2f00000|  0%| F|  |TAMS 0x00000000a2e00000, 0x00000000a2e00000| Untracked 
|  17|0x00000000a2f00000, 0x00000000a2f00000, 0x00000000a3000000|  0%| F|  |TAMS 0x00000000a2f00000, 0x00000000a2f00000| Untracked 
|  18|0x00000000a3000000, 0x00000000a3000000, 0x00000000a3100000|  0%| F|  |TAMS 0x00000000a3000000, 0x00000000a3000000| Untracked 
|  19|0x00000000a3100000, 0x00000000a3100000, 0x00000000a3200000|  0%| F|  |TAMS 0x00000000a3100000, 0x00000000a3100000| Untracked 
|  20|0x00000000a3200000, 0x00000000a3200000, 0x00000000a3300000|  0%| F|  |TAMS 0x00000000a3200000, 0x00000000a3200000| Untracked 
|  21|0x00000000a3300000, 0x00000000a3300000, 0x00000000a3400000|  0%| F|  |TAMS 0x00000000a3300000, 0x00000000a3300000| Untracked 
|  22|0x00000000a3400000, 0x00000000a3400000, 0x00000000a3500000|  0%| F|  |TAMS 0x00000000a3400000, 0x00000000a3400000| Untracked 
|  23|0x00000000a3500000, 0x00000000a3500000, 0x00000000a3600000|  0%| F|  |TAMS 0x00000000a3500000, 0x00000000a3500000| Untracked 
|  24|0x00000000a3600000, 0x00000000a3600000, 0x00000000a3700000|  0%| F|  |TAMS 0x00000000a3600000, 0x00000000a3600000| Untracked 
|  25|0x00000000a3700000, 0x00000000a3700000, 0x00000000a3800000|  0%| F|  |TAMS 0x00000000a3700000, 0x00000000a3700000| Untracked 
|  26|0x00000000a3800000, 0x00000000a3800000, 0x00000000a3900000|  0%| F|  |TAMS 0x00000000a3800000, 0x00000000a3800000| Untracked 
|  27|0x00000000a3900000, 0x00000000a3900000, 0x00000000a3a00000|  0%| F|  |TAMS 0x00000000a3900000, 0x00000000a3900000| Untracked 
|  28|0x00000000a3a00000, 0x00000000a3a00000, 0x00000000a3b00000|  0%| F|  |TAMS 0x00000000a3a00000, 0x00000000a3a00000| Untracked 
|  29|0x00000000a3b00000, 0x00000000a3b30e78, 0x00000000a3c00000| 19%| E|  |TAMS 0x00000000a3b00000, 0x00000000a3b00000| Complete 
|  30|0x00000000a3c00000, 0x00000000a3d00000, 0x00000000a3d00000|100%| E|CS|TAMS 0x00000000a3c00000, 0x00000000a3c00000| Complete 
|  31|0x00000000a3d00000, 0x00000000a3e00000, 0x00000000a3e00000|100%| E|CS|TAMS 0x00000000a3d00000, 0x00000000a3d00000| Complete 
|  77|0x00000000a6b00000, 0x00000000a6c00000, 0x00000000a6c00000|100%| E|CS|TAMS 0x00000000a6b00000, 0x00000000a6b00000| Complete 
|  78|0x00000000a6c00000, 0x00000000a6d00000, 0x00000000a6d00000|100%| E|CS|TAMS 0x00000000a6c00000, 0x00000000a6c00000| Complete 

Card table byte_map: [0x00000150c6bb0000,0x00000150c6eb0000] _byte_map_base: 0x00000150c66a1000

Marking Bits (Prev, Next): (CMBitMap*) 0x00000150c0b4dc00, (CMBitMap*) 0x00000150c0b4dc40
 Prev Bits: [0x00000150c71b0000, 0x00000150c8938000)
 Next Bits: [0x00000150c8940000, 0x00000150ca0c8000)

Polling page: 0x00000150c02f0000

Metaspace:

Usage:
  Non-class:     25.29 MB used.
      Class:      3.95 MB used.
       Both:     29.24 MB used.

Virtual space:
  Non-class space:       32.00 MB reserved,      25.50 MB ( 80%) committed,  4 nodes.
      Class space:        1.00 GB reserved,       4.12 MB ( <1%) committed,  1 nodes.
             Both:        1.03 GB reserved,      29.62 MB (  3%) committed. 

Chunk freelists:
   Non-Class:  2.01 MB
       Class:  3.93 MB
        Both:  5.94 MB

MaxMetaspaceSize: unlimited
CompressedClassSpaceSize: 1.00 GB
Initial GC threshold: 21.00 MB
Current GC threshold: 49.38 MB
CDS: off
MetaspaceReclaimPolicy: balanced
 - commit_granule_bytes: 65536.
 - commit_granule_words: 8192.
 - virtual_space_node_default_size: 1048576.
 - enlarge_chunks_in_place: 1.
 - new_chunks_are_fully_committed: 0.
 - uncommit_free_chunks: 1.
 - use_allocation_guard: 0.
 - handle_deallocations: 1.


Internal statistics:

num_allocs_failed_limit: 3.
num_arena_births: 354.
num_arena_deaths: 124.
num_vsnodes_births: 5.
num_vsnodes_deaths: 0.
num_space_committed: 474.
num_space_uncommitted: 0.
num_chunks_returned_to_freelist: 140.
num_chunks_taken_from_freelist: 1225.
num_chunk_merges: 46.
num_chunk_splits: 780.
num_chunks_enlarged: 569.
num_purges: 8.
num_inconsistent_stats: 0.

CodeCache: size=49152Kb used=7219Kb max_used=8910Kb free=41932Kb
 bounds [0x00000150c37a0000, 0x00000150c4140000, 0x00000150c67a0000]
 total_blobs=4333 nmethods=3840 adapters=420
 compilation: enabled
              stopped_count=0, restarted_count=0
 full_count=0

Compilation events (20 events):
Event: 26861.976 Thread 0x00000150cdb8c850 3832       1       ch.qos.logback.classic.pattern.NamedConverter::convert (26 bytes)
Event: 26861.976 Thread 0x00000150ccb8e8a0 3833       1       ch.qos.logback.classic.pattern.LoggerConverter::getFullyQualifiedName (7 bytes)
Event: 26861.977 Thread 0x00000150cdb8d270 nmethod 3831 0x00000150c3fe0c10 code [0x00000150c3fe0dc0, 0x00000150c3fe0f88]
Event: 26861.977 Thread 0x00000150cdb8d270 3834       1       ch.qos.logback.classic.pattern.MessageConverter::convert (9 bytes)
Event: 26861.977 Thread 0x00000150cdb8d270 nmethod 3834 0x00000150c3fe0810 code [0x00000150c3fe09c0, 0x00000150c3fe0b28]
Event: 26861.977 Thread 0x00000150cdb8d270 3835       1       ch.qos.logback.classic.pattern.MessageConverter::convert (7 bytes)
Event: 26861.977 Thread 0x00000150cdb8c850 nmethod 3832 0x00000150c3fe0390 code [0x00000150c3fe0540, 0x00000150c3fe06c8]
Event: 26861.977 Thread 0x00000150ccb8e8a0 nmethod 3833 0x00000150c3fe0010 code [0x00000150c3fe01a0, 0x00000150c3fe0298]
Event: 26861.977 Thread 0x00000150cdb8c850 3836       1       ch.qos.logback.classic.pattern.LineSeparatorConverter::convert (9 bytes)
Event: 26861.977 Thread 0x00000150ccb8e8a0 3837       1       ch.qos.logback.classic.pattern.LineSeparatorConverter::convert (4 bytes)
Event: 26861.977 Thread 0x00000150cdb8d270 nmethod 3835 0x00000150c3fdfc90 code [0x00000150c3fdfe20, 0x00000150c3fdff48]
Event: 26861.977 Thread 0x00000150cdb8d270 3838       1       ch.qos.logback.classic.pattern.ThrowableProxyConverter::convert (9 bytes)
Event: 26861.977 Thread 0x00000150cdb8d270 nmethod 3838 0x00000150c3fdf910 code [0x00000150c3fdfaa0, 0x00000150c3fdfbc8]
Event: 26861.977 Thread 0x00000150cdb8d270 3839   !   1       ch.qos.logback.classic.pattern.ThrowableProxyConverter::convert (224 bytes)
Event: 26861.977 Thread 0x00000150cdb8c850 nmethod 3836 0x00000150c3fdf590 code [0x00000150c3fdf720, 0x00000150c3fdf838]
Event: 26861.978 Thread 0x00000150ccb8e8a0 nmethod 3837 0x00000150c3fdf290 code [0x00000150c3fdf420, 0x00000150c3fdf4f8]
Event: 26861.978 Thread 0x00000150cdb8cd60 nmethod 3826 0x00000150c3fdea90 code [0x00000150c3fdec60, 0x00000150c3fdf008]
Event: 26861.978 Thread 0x00000150cdb8c850 3840       1       ch.qos.logback.core.joran.spi.ConsoleTarget$2::write (8 bytes)
Event: 26861.980 Thread 0x00000150cdb8c850 nmethod 3840 0x00000150c3fde710 code [0x00000150c3fde8a0, 0x00000150c3fde9a8]
Event: 26861.993 Thread 0x00000150cdb8d270 nmethod 3839 0x00000150c3fdd210 code [0x00000150c3fdd540, 0x00000150c3fde058]

GC Heap History (20 events):
Event: 27133.852 GC heap before
{Heap before GC invocations=2276 (full 2267):
 garbage-first heap   total 34816K, used 14387K [0x00000000a1e00000, 0x0000000100000000)
  region size 1024K, 5 young (5120K), 0 survivors (0K)
 Metaspace       used 29938K, committed 30336K, reserved 1081344K
  class space    used 4046K, committed 4224K, reserved 1048576K
}
Event: 27133.875 GC heap after
{Heap after GC invocations=2277 (full 2268):
 garbage-first heap   total 34816K, used 10291K [0x00000000a1e00000, 0x0000000100000000)
  region size 1024K, 0 young (0K), 0 survivors (0K)
 Metaspace       used 29938K, committed 30336K, reserved 1081344K
  class space    used 4046K, committed 4224K, reserved 1048576K
}
Event: 27144.137 GC heap before
{Heap before GC invocations=2277 (full 2268):
 garbage-first heap   total 34816K, used 15411K [0x00000000a1e00000, 0x0000000100000000)
  region size 1024K, 7 young (7168K), 0 survivors (0K)
 Metaspace       used 29938K, committed 30336K, reserved 1081344K
  class space    used 4046K, committed 4224K, reserved 1048576K
}
Event: 27144.155 GC heap after
{Heap after GC invocations=2278 (full 2269):
 garbage-first heap   total 34816K, used 10292K [0x00000000a1e00000, 0x0000000100000000)
  region size 1024K, 0 young (0K), 0 survivors (0K)
 Metaspace       used 29938K, committed 30336K, reserved 1081344K
  class space    used 4046K, committed 4224K, reserved 1048576K
}
Event: 27154.414 GC heap before
{Heap before GC invocations=2278 (full 2269):
 garbage-first heap   total 34816K, used 14388K [0x00000000a1e00000, 0x0000000100000000)
  region size 1024K, 5 young (5120K), 0 survivors (0K)
 Metaspace       used 29938K, committed 30336K, reserved 1081344K
  class space    used 4046K, committed 4224K, reserved 1048576K
}
Event: 27154.437 GC heap after
{Heap after GC invocations=2279 (full 2270):
 garbage-first heap   total 34816K, used 10291K [0x00000000a1e00000, 0x0000000100000000)
  region size 1024K, 0 young (0K), 0 survivors (0K)
 Metaspace       used 29938K, committed 30336K, reserved 1081344K
  class space    used 4046K, committed 4224K, reserved 1048576K
}
Event: 27164.709 GC heap before
{Heap before GC invocations=2279 (full 2270):
 garbage-first heap   total 34816K, used 14387K [0x00000000a1e00000, 0x0000000100000000)
  region size 1024K, 5 young (5120K), 0 survivors (0K)
 Metaspace       used 29938K, committed 30336K, reserved 1081344K
  class space    used 4046K, committed 4224K, reserved 1048576K
}
Event: 27164.730 GC heap after
{Heap after GC invocations=2280 (full 2271):
 garbage-first heap   total 34816K, used 10291K [0x00000000a1e00000, 0x0000000100000000)
  region size 1024K, 0 young (0K), 0 survivors (0K)
 Metaspace       used 29938K, committed 30336K, reserved 1081344K
  class space    used 4046K, committed 4224K, reserved 1048576K
}
Event: 27174.992 GC heap before
{Heap before GC invocations=2280 (full 2271):
 garbage-first heap   total 34816K, used 14387K [0x00000000a1e00000, 0x0000000100000000)
  region size 1024K, 5 young (5120K), 0 survivors (0K)
 Metaspace       used 29938K, committed 30336K, reserved 1081344K
  class space    used 4046K, committed 4224K, reserved 1048576K
}
Event: 27175.013 GC heap after
{Heap after GC invocations=2281 (full 2272):
 garbage-first heap   total 34816K, used 10291K [0x00000000a1e00000, 0x0000000100000000)
  region size 1024K, 0 young (0K), 0 survivors (0K)
 Metaspace       used 29938K, committed 30336K, reserved 1081344K
  class space    used 4046K, committed 4224K, reserved 1048576K
}
Event: 27185.275 GC heap before
{Heap before GC invocations=2281 (full 2272):
 garbage-first heap   total 34816K, used 14387K [0x00000000a1e00000, 0x0000000100000000)
  region size 1024K, 5 young (5120K), 0 survivors (0K)
 Metaspace       used 29938K, committed 30336K, reserved 1081344K
  class space    used 4046K, committed 4224K, reserved 1048576K
}
Event: 27185.297 GC heap after
{Heap after GC invocations=2282 (full 2273):
 garbage-first heap   total 34816K, used 10291K [0x00000000a1e00000, 0x0000000100000000)
  region size 1024K, 0 young (0K), 0 survivors (0K)
 Metaspace       used 29938K, committed 30336K, reserved 1081344K
  class space    used 4046K, committed 4224K, reserved 1048576K
}
Event: 27195.557 GC heap before
{Heap before GC invocations=2282 (full 2273):
 garbage-first heap   total 34816K, used 14387K [0x00000000a1e00000, 0x0000000100000000)
  region size 1024K, 5 young (5120K), 0 survivors (0K)
 Metaspace       used 29938K, committed 30336K, reserved 1081344K
  class space    used 4046K, committed 4224K, reserved 1048576K
}
Event: 27195.578 GC heap after
{Heap after GC invocations=2283 (full 2274):
 garbage-first heap   total 34816K, used 10291K [0x00000000a1e00000, 0x0000000100000000)
  region size 1024K, 0 young (0K), 0 survivors (0K)
 Metaspace       used 29938K, committed 30336K, reserved 1081344K
  class space    used 4046K, committed 4224K, reserved 1048576K
}
Event: 27205.814 GC heap before
{Heap before GC invocations=2283 (full 2274):
 garbage-first heap   total 34816K, used 14387K [0x00000000a1e00000, 0x0000000100000000)
  region size 1024K, 5 young (5120K), 0 survivors (0K)
 Metaspace       used 29938K, committed 30336K, reserved 1081344K
  class space    used 4046K, committed 4224K, reserved 1048576K
}
Event: 27205.834 GC heap after
{Heap after GC invocations=2284 (full 2275):
 garbage-first heap   total 34816K, used 10291K [0x00000000a1e00000, 0x0000000100000000)
  region size 1024K, 0 young (0K), 0 survivors (0K)
 Metaspace       used 29938K, committed 30336K, reserved 1081344K
  class space    used 4046K, committed 4224K, reserved 1048576K
}
Event: 27216.071 GC heap before
{Heap before GC invocations=2284 (full 2275):
 garbage-first heap   total 34816K, used 14387K [0x00000000a1e00000, 0x0000000100000000)
  region size 1024K, 5 young (5120K), 0 survivors (0K)
 Metaspace       used 29938K, committed 30336K, reserved 1081344K
  class space    used 4046K, committed 4224K, reserved 1048576K
}
Event: 27216.090 GC heap after
{Heap after GC invocations=2285 (full 2276):
 garbage-first heap   total 34816K, used 10291K [0x00000000a1e00000, 0x0000000100000000)
  region size 1024K, 0 young (0K), 0 survivors (0K)
 Metaspace       used 29938K, committed 30336K, reserved 1081344K
  class space    used 4046K, committed 4224K, reserved 1048576K
}
Event: 27226.332 GC heap before
{Heap before GC invocations=2285 (full 2276):
 garbage-first heap   total 34816K, used 14387K [0x00000000a1e00000, 0x0000000100000000)
  region size 1024K, 5 young (5120K), 0 survivors (0K)
 Metaspace       used 29938K, committed 30336K, reserved 1081344K
  class space    used 4046K, committed 4224K, reserved 1048576K
}
Event: 27226.354 GC heap after
{Heap after GC invocations=2286 (full 2277):
 garbage-first heap   total 34816K, used 10291K [0x00000000a1e00000, 0x0000000100000000)
  region size 1024K, 0 young (0K), 0 survivors (0K)
 Metaspace       used 29938K, committed 30336K, reserved 1081344K
  class space    used 4046K, committed 4224K, reserved 1048576K
}

Deoptimization events (10 events):
Event: 4.009 Thread 0x00000150c0b1a1c0 DEOPT PACKING pc=0x00000150c3b9be75 sp=0x0000001d6cafd6d0
Event: 4.009 Thread 0x00000150c0b1a1c0 DEOPT UNPACKING pc=0x00000150c37f2b43 sp=0x0000001d6cafcb40 mode 3
Event: 5.852 Thread 0x00000150c0b1a1c0 DEOPT PACKING pc=0x00000150c3ca7499 sp=0x0000001d6cafce80
Event: 5.852 Thread 0x00000150c0b1a1c0 DEOPT UNPACKING pc=0x00000150c37f2b43 sp=0x0000001d6cafc360 mode 3
Event: 7.356 Thread 0x00000150c0b1a1c0 DEOPT PACKING pc=0x00000150c3d75d75 sp=0x0000001d6cafc930
Event: 7.356 Thread 0x00000150c0b1a1c0 DEOPT UNPACKING pc=0x00000150c37f2b43 sp=0x0000001d6cafbda0 mode 3
Event: 11.882 Thread 0x00000150cdb38310 DEOPT PACKING pc=0x00000150c3e1feb5 sp=0x0000001d6eafdc60
Event: 11.882 Thread 0x00000150cdb38310 DEOPT UNPACKING pc=0x00000150c37f2b43 sp=0x0000001d6eafd188 mode 3
Event: 218.859 Thread 0x00000150cfc65380 DEOPT PACKING pc=0x00000150c3b64ed4 sp=0x0000001d6e9ff360
Event: 218.859 Thread 0x00000150cfc65380 DEOPT UNPACKING pc=0x00000150c37f2b43 sp=0x0000001d6e9fe808 mode 0

Classes unloaded (20 events):
Event: 51.415 Thread 0x00000150ccb35300 Unloading class 0x00000001000c8000 'java/lang/invoke/LambdaForm$MH+0x00000001000c8000'
Event: 82.320 Thread 0x00000150ccb35300 Unloading class 0x00000001003dd400 'java/lang/invoke/LambdaForm$MH+0x00000001003dd400'
Event: 82.320 Thread 0x00000150ccb35300 Unloading class 0x00000001003dd000 'java/lang/invoke/LambdaForm$MH+0x00000001003dd000'
Event: 82.320 Thread 0x00000150ccb35300 Unloading class 0x00000001003dcc00 'java/lang/invoke/LambdaForm$MH+0x00000001003dcc00'
Event: 82.320 Thread 0x00000150ccb35300 Unloading class 0x00000001003dc800 'java/lang/invoke/LambdaForm$MH+0x00000001003dc800'
Event: 82.320 Thread 0x00000150ccb35300 Unloading class 0x00000001003dc400 'java/lang/invoke/LambdaForm$MH+0x00000001003dc400'
Event: 82.320 Thread 0x00000150ccb35300 Unloading class 0x00000001003dc000 'java/lang/invoke/LambdaForm$MH+0x00000001003dc000'
Event: 82.320 Thread 0x00000150ccb35300 Unloading class 0x00000001002e1400 'java/lang/invoke/LambdaForm$MH+0x00000001002e1400'
Event: 925.756 Thread 0x00000150ccb35300 Unloading class 0x00000001003e8000 'java/lang/invoke/LambdaForm$MH+0x00000001003e8000'
Event: 925.756 Thread 0x00000150ccb35300 Unloading class 0x00000001003f4000 'java/lang/invoke/LambdaForm$MH+0x00000001003f4000'
Event: 925.756 Thread 0x00000150ccb35300 Unloading class 0x00000001002e1400 'java/lang/invoke/LambdaForm$MH+0x00000001002e1400'
Event: 1619.567 Thread 0x00000150ccb35300 Unloading class 0x00000001001de800 'java/lang/invoke/LambdaForm$MH+0x00000001001de800'
Event: 1619.567 Thread 0x00000150ccb35300 Unloading class 0x00000001002e0400 'java/lang/invoke/LambdaForm$MH+0x00000001002e0400'
Event: 1619.567 Thread 0x00000150ccb35300 Unloading class 0x00000001002e0c00 'java/lang/invoke/LambdaForm$MH+0x00000001002e0c00'
Event: 1619.567 Thread 0x00000150ccb35300 Unloading class 0x00000001002f1800 'java/lang/invoke/LambdaForm$MH+0x00000001002f1800'
Event: 1619.567 Thread 0x00000150ccb35300 Unloading class 0x00000001002f2000 'java/lang/invoke/LambdaForm$MH+0x00000001002f2000'
Event: 1619.567 Thread 0x00000150ccb35300 Unloading class 0x0000000100308400 'java/lang/invoke/LambdaForm$MH+0x0000000100308400'
Event: 1619.567 Thread 0x00000150ccb35300 Unloading class 0x00000001002e1400 'java/lang/invoke/LambdaForm$MH+0x00000001002e1400'
Event: 1619.568 Thread 0x00000150ccb35300 Unloading class 0x00000001003f4000 'java/lang/invoke/LambdaForm$MH+0x00000001003f4000'
Event: 1619.568 Thread 0x00000150ccb35300 Unloading class 0x00000001003e8000 'java/lang/invoke/LambdaForm$MH+0x00000001003e8000'

Classes redefined (0 events):
No events

Internal exceptions (20 events):
Event: 2231.843 Thread 0x00000150cf833080 Exception <a 'java/lang/IllegalArgumentException'{0x00000000a3d008b0}: Could not map vmid to user name> (0x00000000a3d008b0) 
thrown [e:\jenkins\tmp\workspace\build\src\src\hotspot\os\windows\perfMemory_windows.cpp, line 1617]
Event: 2231.847 Thread 0x00000150cf833080 Exception <a 'java/io/FileNotFoundException'{0x00000000a3d00ce8}> (0x00000000a3d00ce8) 
thrown [e:\jenkins\tmp\workspace\build\src\src\hotspot\share\prims\jni.cpp, line 516]
Event: 2231.851 Thread 0x00000150cf833080 Exception <a 'java/io/IOException'{0x00000000a3d01618}> (0x00000000a3d01618) 
thrown [e:\jenkins\tmp\workspace\build\src\src\hotspot\share\prims\jni.cpp, line 516]
Event: 2883.022 Thread 0x00000150cf833080 Exception <a 'java/io/IOException'{0x00000000a3d7fa40}> (0x00000000a3d7fa40) 
thrown [e:\jenkins\tmp\workspace\build\src\src\hotspot\share\prims\jni.cpp, line 516]
Event: 2893.123 Thread 0x00000150cf833080 Exception <a 'java/lang/IllegalArgumentException'{0x00000000a6b78060}: Could not map vmid to user name> (0x00000000a6b78060) 
thrown [e:\jenkins\tmp\workspace\build\src\src\hotspot\os\windows\perfMemory_windows.cpp, line 1617]
Event: 2893.124 Thread 0x00000150cf833080 Exception <a 'java/io/FileNotFoundException'{0x00000000a6b78498}> (0x00000000a6b78498) 
thrown [e:\jenkins\tmp\workspace\build\src\src\hotspot\share\prims\jni.cpp, line 516]
Event: 2893.124 Thread 0x00000150cf833080 Exception <a 'java/io/IOException'{0x00000000a6b78dc8}> (0x00000000a6b78dc8) 
thrown [e:\jenkins\tmp\workspace\build\src\src\hotspot\share\prims\jni.cpp, line 516]
Event: 4480.930 Thread 0x00000150cf833080 Exception <a 'java/lang/IllegalArgumentException'{0x00000000a6b72030}: Could not map vmid to user name> (0x00000000a6b72030) 
thrown [e:\jenkins\tmp\workspace\build\src\src\hotspot\os\windows\perfMemory_windows.cpp, line 1617]
Event: 4480.933 Thread 0x00000150cf833080 Exception <a 'java/io/FileNotFoundException'{0x00000000a6b72468}> (0x00000000a6b72468) 
thrown [e:\jenkins\tmp\workspace\build\src\src\hotspot\share\prims\jni.cpp, line 516]
Event: 4480.936 Thread 0x00000150cf833080 Exception <a 'java/io/IOException'{0x00000000a6b72d88}: no such process> (0x00000000a6b72d88) 
thrown [e:\jenkins\tmp\workspace\build\src\src\hotspot\share\prims\jni.cpp, line 535]
Event: 5772.768 Thread 0x00000150cf831870 Exception <a 'java/lang/IllegalArgumentException'{0x00000000a3d6d540}: Could not map vmid to user name> (0x00000000a3d6d540) 
thrown [e:\jenkins\tmp\workspace\build\src\src\hotspot\os\windows\perfMemory_windows.cpp, line 1617]
Event: 5772.772 Thread 0x00000150cf831870 Exception <a 'java/io/FileNotFoundException'{0x00000000a3d6d978}> (0x00000000a3d6d978) 
thrown [e:\jenkins\tmp\workspace\build\src\src\hotspot\share\prims\jni.cpp, line 516]
Event: 5772.774 Thread 0x00000150cf831870 Exception <a 'java/io/IOException'{0x00000000a3d6e298}: no such process> (0x00000000a3d6e298) 
thrown [e:\jenkins\tmp\workspace\build\src\src\hotspot\share\prims\jni.cpp, line 535]
Event: 5777.812 Thread 0x00000150cf831870 Exception <a 'java/lang/IllegalArgumentException'{0x00000000a3d6ee08}: Could not map vmid to user name> (0x00000000a3d6ee08) 
thrown [e:\jenkins\tmp\workspace\build\src\src\hotspot\os\windows\perfMemory_windows.cpp, line 1617]
Event: 5777.812 Thread 0x00000150cf831870 Exception <a 'java/io/FileNotFoundException'{0x00000000a3d6f240}> (0x00000000a3d6f240) 
thrown [e:\jenkins\tmp\workspace\build\src\src\hotspot\share\prims\jni.cpp, line 516]
Event: 5777.812 Thread 0x00000150cf831870 Exception <a 'java/io/IOException'{0x00000000a3d6fb60}: no such process> (0x00000000a3d6fb60) 
thrown [e:\jenkins\tmp\workspace\build\src\src\hotspot\share\prims\jni.cpp, line 535]
Event: 7841.403 Thread 0x00000150cdb58640 Exception <a 'java/lang/IllegalArgumentException'{0x00000000a3c66cc0}: Could not map vmid to user name> (0x00000000a3c66cc0) 
thrown [e:\jenkins\tmp\workspace\build\src\src\hotspot\os\windows\perfMemory_windows.cpp, line 1617]
Event: 7841.419 Thread 0x00000150cdb58640 Exception <a 'java/io/FileNotFoundException'{0x00000000a3c670f8}> (0x00000000a3c670f8) 
thrown [e:\jenkins\tmp\workspace\build\src\src\hotspot\share\prims\jni.cpp, line 516]
Event: 11076.140 Thread 0x00000150cdb58640 Exception <a 'java/lang/IllegalArgumentException'{0x00000000a6bb5e00}: Could not map vmid to user name> (0x00000000a6bb5e00) 
thrown [e:\jenkins\tmp\workspace\build\src\src\hotspot\os\windows\perfMemory_windows.cpp, line 1617]
Event: 11076.148 Thread 0x00000150cdb58640 Exception <a 'java/io/FileNotFoundException'{0x00000000a6bb6238}> (0x00000000a6bb6238) 
thrown [e:\jenkins\tmp\workspace\build\src\src\hotspot\share\prims\jni.cpp, line 516]

VM Operations (20 events):
Event: 27133.875 Executing VM operation: G1CollectFull done
Event: 27144.137 Executing VM operation: G1CollectFull
Event: 27144.155 Executing VM operation: G1CollectFull done
Event: 27154.414 Executing VM operation: G1CollectFull
Event: 27154.437 Executing VM operation: G1CollectFull done
Event: 27164.709 Executing VM operation: G1CollectFull
Event: 27164.730 Executing VM operation: G1CollectFull done
Event: 27174.992 Executing VM operation: G1CollectFull
Event: 27175.013 Executing VM operation: G1CollectFull done
Event: 27185.275 Executing VM operation: G1CollectFull
Event: 27185.297 Executing VM operation: G1CollectFull done
Event: 27195.557 Executing VM operation: G1CollectFull
Event: 27195.579 Executing VM operation: G1CollectFull done
Event: 27205.814 Executing VM operation: G1CollectFull
Event: 27205.834 Executing VM operation: G1CollectFull done
Event: 27216.071 Executing VM operation: G1CollectFull
Event: 27216.090 Executing VM operation: G1CollectFull done
Event: 27226.331 Executing VM operation: G1CollectFull
Event: 27226.354 Executing VM operation: G1CollectFull done
Event: 27236.420 Executing VM operation: G1CollectFull

Events (20 events):
Event: 335.501 Thread 0x00000150cda5d530 Thread exited: 0x00000150cda5d530
Event: 335.501 Thread 0x00000150cfa08f60 Thread exited: 0x00000150cfa08f60
Event: 340.590 Thread 0x00000150cfa078d0 Thread exited: 0x00000150cfa078d0
Event: 436.193 Thread 0x00000150cfa08f60 Thread added: 0x00000150cfa08f60
Event: 436.193 Thread 0x00000150cfa3ceb0 Thread added: 0x00000150cfa3ceb0
Event: 441.203 Thread 0x00000150cfa3ceb0 Thread exited: 0x00000150cfa3ceb0
Event: 446.222 Thread 0x00000150cfa08f60 Thread exited: 0x00000150cfa08f60
Event: 1954.133 Thread 0x00000150cde6ecd0 Thread added: 0x00000150cde6ecd0
Event: 1954.133 Thread 0x00000150cfa3a9a0 Thread added: 0x00000150cfa3a9a0
Event: 1959.175 Thread 0x00000150cfa3a9a0 Thread exited: 0x00000150cfa3a9a0
Event: 1964.181 Thread 0x00000150cde6ecd0 Thread exited: 0x00000150cde6ecd0
Event: 5141.885 Thread 0x00000150cf831870 Thread added: 0x00000150cf831870
Event: 9193.108 Thread 0x00000150cda5a7b0 Thread added: 0x00000150cda5a7b0
Event: 9198.136 Thread 0x00000150cda5a7b0 Thread exited: 0x00000150cda5a7b0
Event: 26861.966 Thread 0x00000150cdb8c850 Thread added: 0x00000150cdb8c850
Event: 26861.967 Thread 0x00000150cdb8cd60 Thread added: 0x00000150cdb8cd60
Event: 26861.967 Thread 0x00000150cdb8d270 Thread added: 0x00000150cdb8d270
Event: 26866.989 Thread 0x00000150cdb8d270 Thread exited: 0x00000150cdb8d270
Event: 26866.989 Thread 0x00000150cdb8cd60 Thread exited: 0x00000150cdb8cd60
Event: 26872.001 Thread 0x00000150cdb8c850 Thread exited: 0x00000150cdb8c850


Dynamic libraries:
0x00007ff65be60000 - 0x00007ff65be6e000 	c:\Users\phcfr\.vscode\extensions\redhat.java-1.4.0\jre\17.0.2-win32-x86_64\bin\java.exe
0x00007ffcc9da0000 - 0x00007ffcc9fa9000 	C:\WINDOWS\SYSTEM32\ntdll.dll
0x00007ffcc8e30000 - 0x00007ffcc8eed000 	C:\WINDOWS\System32\KERNEL32.DLL
0x00007ffcc73b0000 - 0x00007ffcc7724000 	C:\WINDOWS\System32\KERNELBASE.dll
0x00007ffcc7880000 - 0x00007ffcc7991000 	C:\WINDOWS\System32\ucrtbase.dll
0x00007ffcb6a70000 - 0x00007ffcb6a88000 	c:\Users\phcfr\.vscode\extensions\redhat.java-1.4.0\jre\17.0.2-win32-x86_64\bin\jli.dll
0x00007ffcbc2c0000 - 0x00007ffcbc2d9000 	c:\Users\phcfr\.vscode\extensions\redhat.java-1.4.0\jre\17.0.2-win32-x86_64\bin\VCRUNTIME140.dll
0x00007ffcc9960000 - 0x00007ffcc9b0c000 	C:\WINDOWS\System32\USER32.dll
0x00007ffcc7850000 - 0x00007ffcc7876000 	C:\WINDOWS\System32\win32u.dll
0x00007ffcc8a70000 - 0x00007ffcc8a99000 	C:\WINDOWS\System32\GDI32.dll
0x00007ffcc7730000 - 0x00007ffcc7842000 	C:\WINDOWS\System32\gdi32full.dll
0x00007ffcc7290000 - 0x00007ffcc732d000 	C:\WINDOWS\System32\msvcp_win.dll
0x00007ffca2d20000 - 0x00007ffca2fc5000 	C:\WINDOWS\WinSxS\amd64_microsoft.windows.common-controls_6595b64144ccf1df_6.0.22000.120_none_9d947278b86cc467\COMCTL32.dll
0x00007ffcc9c30000 - 0x00007ffcc9cd3000 	C:\WINDOWS\System32\msvcrt.dll
0x00007ffcc8f10000 - 0x00007ffcc8f41000 	C:\WINDOWS\System32\IMM32.DLL
0x00007ffcc1390000 - 0x00007ffcc139c000 	c:\Users\phcfr\.vscode\extensions\redhat.java-1.4.0\jre\17.0.2-win32-x86_64\bin\vcruntime140_1.dll
0x00007ffcacdb0000 - 0x00007ffcace41000 	c:\Users\phcfr\.vscode\extensions\redhat.java-1.4.0\jre\17.0.2-win32-x86_64\bin\msvcp140.dll
0x00007ffc6f110000 - 0x00007ffc6fd57000 	c:\Users\phcfr\.vscode\extensions\redhat.java-1.4.0\jre\17.0.2-win32-x86_64\bin\server\jvm.dll
0x00007ffcc9b10000 - 0x00007ffcc9bbe000 	C:\WINDOWS\System32\ADVAPI32.dll
0x00007ffcc8bb0000 - 0x00007ffcc8c4e000 	C:\WINDOWS\System32\sechost.dll
0x00007ffcc88c0000 - 0x00007ffcc89e0000 	C:\WINDOWS\System32\RPCRT4.dll
0x00007ffcc9950000 - 0x00007ffcc9958000 	C:\WINDOWS\System32\PSAPI.DLL
0x00007ffca1f90000 - 0x00007ffca1f99000 	C:\WINDOWS\SYSTEM32\WSOCK32.dll
0x00007ffcc9cf0000 - 0x00007ffcc9d5f000 	C:\WINDOWS\System32\WS2_32.dll
0x00007ffcc1ca0000 - 0x00007ffcc1cd3000 	C:\WINDOWS\SYSTEM32\WINMM.dll
0x00007ffcbdc90000 - 0x00007ffcbdc9a000 	C:\WINDOWS\SYSTEM32\VERSION.dll
0x00007ffcc6390000 - 0x00007ffcc63a8000 	C:\WINDOWS\SYSTEM32\kernel.appcore.dll
0x00007ffcc1350000 - 0x00007ffcc135a000 	c:\Users\phcfr\.vscode\extensions\redhat.java-1.4.0\jre\17.0.2-win32-x86_64\bin\jimage.dll
0x00007ffcc4ec0000 - 0x00007ffcc50e1000 	C:\WINDOWS\SYSTEM32\DBGHELP.DLL
0x00007ffcbe5e0000 - 0x00007ffcbe611000 	C:\WINDOWS\SYSTEM32\dbgcore.DLL
0x00007ffcc7330000 - 0x00007ffcc73af000 	C:\WINDOWS\System32\bcryptPrimitives.dll
0x00007ffcb66c0000 - 0x00007ffcb66e5000 	c:\Users\phcfr\.vscode\extensions\redhat.java-1.4.0\jre\17.0.2-win32-x86_64\bin\java.dll
0x00007ffcb6990000 - 0x00007ffcb69a8000 	c:\Users\phcfr\.vscode\extensions\redhat.java-1.4.0\jre\17.0.2-win32-x86_64\bin\zip.dll
0x00007ffcc8f60000 - 0x00007ffcc970e000 	C:\WINDOWS\System32\SHELL32.dll
0x00007ffcc5400000 - 0x00007ffcc5c67000 	C:\WINDOWS\SYSTEM32\windows.storage.dll
0x00007ffcc7c40000 - 0x00007ffcc7fb8000 	C:\WINDOWS\System32\combase.dll
0x00007ffcc5290000 - 0x00007ffcc53f6000 	C:\WINDOWS\SYSTEM32\wintypes.dll
0x00007ffcc87d0000 - 0x00007ffcc88ba000 	C:\WINDOWS\System32\SHCORE.dll
0x00007ffcc8770000 - 0x00007ffcc87cd000 	C:\WINDOWS\System32\shlwapi.dll
0x00007ffcc71c0000 - 0x00007ffcc71e1000 	C:\WINDOWS\SYSTEM32\profapi.dll
0x00007ffcb6860000 - 0x00007ffcb6879000 	C:\Users\phcfr\.vscode\extensions\redhat.java-1.4.0\jre\17.0.2-win32-x86_64\bin\net.dll
0x00007ffcc29b0000 - 0x00007ffcc2abc000 	C:\WINDOWS\SYSTEM32\WINHTTP.dll
0x00007ffcc6830000 - 0x00007ffcc6897000 	C:\WINDOWS\system32\mswsock.dll
0x00007ffcb6610000 - 0x00007ffcb6625000 	C:\Users\phcfr\.vscode\extensions\redhat.java-1.4.0\jre\17.0.2-win32-x86_64\bin\nio.dll
0x00007ffcbea70000 - 0x00007ffcbea80000 	c:\Users\phcfr\.vscode\extensions\redhat.java-1.4.0\jre\17.0.2-win32-x86_64\bin\verify.dll
0x00007ffcbd370000 - 0x00007ffcbd379000 	C:\Users\phcfr\.vscode\extensions\redhat.java-1.4.0\jre\17.0.2-win32-x86_64\bin\management.dll
0x00007ffcbd330000 - 0x00007ffcbd33b000 	C:\Users\phcfr\.vscode\extensions\redhat.java-1.4.0\jre\17.0.2-win32-x86_64\bin\management_ext.dll
0x00007ffca3430000 - 0x00007ffca3447000 	C:\WINDOWS\system32\napinsp.dll
0x00007ffca3410000 - 0x00007ffca342b000 	C:\WINDOWS\system32\pnrpnsp.dll
0x00007ffcc5f30000 - 0x00007ffcc6017000 	C:\WINDOWS\SYSTEM32\DNSAPI.dll
0x00007ffcc5f00000 - 0x00007ffcc5f2d000 	C:\WINDOWS\SYSTEM32\IPHLPAPI.DLL
0x00007ffcc8d30000 - 0x00007ffcc8d39000 	C:\WINDOWS\System32\NSI.dll
0x00007ffca3350000 - 0x00007ffca3362000 	C:\WINDOWS\System32\winrnr.dll
0x00007ffcc1ed0000 - 0x00007ffcc1ee5000 	C:\WINDOWS\system32\wshbth.dll
0x00007ffca3330000 - 0x00007ffca334f000 	C:\WINDOWS\system32\nlansp_c.dll
0x00007ffcbf290000 - 0x00007ffcbf29a000 	C:\Windows\System32\rasadhlp.dll
0x00007ffcc1a20000 - 0x00007ffcc1aa1000 	C:\WINDOWS\System32\fwpuclnt.dll
0x00007ffcc6a80000 - 0x00007ffcc6a98000 	C:\WINDOWS\SYSTEM32\CRYPTSP.dll
0x00007ffcc62f0000 - 0x00007ffcc6325000 	C:\WINDOWS\system32\rsaenh.dll
0x00007ffcc6920000 - 0x00007ffcc6949000 	C:\WINDOWS\SYSTEM32\USERENV.dll
0x00007ffcc6c70000 - 0x00007ffcc6c97000 	C:\WINDOWS\SYSTEM32\bcrypt.dll
0x00007ffcc6aa0000 - 0x00007ffcc6aac000 	C:\WINDOWS\SYSTEM32\CRYPTBASE.dll
0x00007ffcc2990000 - 0x00007ffcc29a9000 	C:\WINDOWS\SYSTEM32\dhcpcsvc6.DLL
0x00007ffcc3030000 - 0x00007ffcc304e000 	C:\WINDOWS\SYSTEM32\dhcpcsvc.DLL
0x00007ffcb7120000 - 0x00007ffcb7129000 	C:\Users\phcfr\.vscode\extensions\redhat.java-1.4.0\jre\17.0.2-win32-x86_64\bin\attach.dll

dbghelp: loaded successfully - version: 4.0.5 - missing functions: none
symbol engine: initialized successfully - sym options: 0x614 - pdb path: .;c:\Users\phcfr\.vscode\extensions\redhat.java-1.4.0\jre\17.0.2-win32-x86_64\bin;C:\WINDOWS\SYSTEM32;C:\WINDOWS\WinSxS\amd64_microsoft.windows.common-controls_6595b64144ccf1df_6.0.22000.120_none_9d947278b86cc467;c:\Users\phcfr\.vscode\extensions\redhat.java-1.4.0\jre\17.0.2-win32-x86_64\bin\server

VM Arguments:
jvm_args: -Dsts.lsp.client=vscode -Dsts.log.file=/dev/null -XX:TieredStopAtLevel=1 -Dspring.config.location=file:c:\Users\phcfr\.vscode\extensions\pivotal.vscode-spring-boot-1.32.0\language-server\BOOT-INF\classes\application.properties 
java_command: org.springframework.ide.vscode.boot.app.BootLanguageServerBootApp
java_class_path (initial): c:\Users\phcfr\.vscode\extensions\pivotal.vscode-spring-boot-1.32.0\language-server\BOOT-INF\classes;c:\Users\phcfr\.vscode\extensions\pivotal.vscode-spring-boot-1.32.0\language-server\BOOT-INF\lib\antlr4-runtime-4.5.3.jar;c:\Users\phcfr\.vscode\extensions\pivotal.vscode-spring-boot-1.32.0\language-server\BOOT-INF\lib\byte-buddy-1.10.18.jar;c:\Users\phcfr\.vscode\extensions\pivotal.vscode-spring-boot-1.32.0\language-server\BOOT-INF\lib\commons-codec-1.14.jar;c:\Users\phcfr\.vscode\extensions\pivotal.vscode-spring-boot-1.32.0\language-server\BOOT-INF\lib\commons-io-2.4.jar;c:\Users\phcfr\.vscode\extensions\pivotal.vscode-spring-boot-1.32.0\language-server\BOOT-INF\lib\commons-java-1.32.0-SNAPSHOT.jar;c:\Users\phcfr\.vscode\extensions\pivotal.vscode-spring-boot-1.32.0\language-server\BOOT-INF\lib\commons-lang3-3.10.jar;c:\Users\phcfr\.vscode\extensions\pivotal.vscode-spring-boot-1.32.0\language-server\BOOT-INF\lib\commons-language-server-1.32.0-SNAPSHOT.jar;c:\Users\phcfr\.vscode\extensions\pivotal.vscode-spring-boot-1.32.0\language-server\BOOT-INF\lib\commons-lsp-extensions-1.32.0-SNAPSHOT.jar;c:\Users\phcfr\.vscode\extensions\pivotal.vscode-spring-boot-1.32.0\language-server\BOOT-INF\lib\commons-util-1.32.0-SNAPSHOT.jar;c:\Users\phcfr\.vscode\extensions\pivotal.vscode-spring-boot-1.32.0\language-server\BOOT-INF\lib\commons-yaml-1.32.0-SNAPSHOT.jar;c:\Users\phcfr\.vscode\extensions\pivotal.vscode-spring-boot-1.32.0\language-server\BOOT-INF\lib\gson-2.8.6.jar;c:\Users\phcfr\.vscode\extensions\pivotal.vscode-spring-boot-1.32.0\language-server\BOOT-INF\lib\guava-19.0.jar;c:\Users\phcfr\.vscode\extensions\pivotal.vscode-spring-boot-1.32.0\language-server\BOOT-INF\lib\jakarta.annotation-api-1.3.5.jar;c:\Users\phcfr\.vscode\extensions\pivotal.vscode-spring-boot-1.32.0\language-server\BOOT-INF\lib\jandex-2.0.5.Final.jar;c:\Users\phcfr\.vscode\extensions\pivotal.vscode-spring-boot-1.32.0\language-server\BOOT-INF\lib\java-properties-1.32.0-SNAPSHO
Launcher Type: SUN_STANDARD

[Global flags]
     intx CICompilerCount                          = 4                                         {product} {ergonomic}
     uint ConcGCThreads                            = 2                                         {product} {ergonomic}
     uint G1ConcRefinementThreads                  = 8                                         {product} {ergonomic}
   size_t G1HeapRegionSize                         = 1048576                                   {product} {ergonomic}
    uintx GCDrainStackTargetSize                   = 64                                        {product} {ergonomic}
   size_t InitialHeapSize                          = 100663296                                 {product} {ergonomic}
   size_t MarkStackSize                            = 4194304                                   {product} {ergonomic}
   size_t MaxHeapSize                              = 1579155456                                {product} {ergonomic}
   size_t MaxNewSize                               = 946864128                                 {product} {ergonomic}
   size_t MinHeapDeltaBytes                        = 1048576                                   {product} {ergonomic}
   size_t MinHeapSize                              = 8388608                                   {product} {ergonomic}
    uintx NonProfiledCodeHeapSize                  = 0                                      {pd product} {ergonomic}
     bool ProfileInterpreter                       = false                                  {pd product} {command line}
    uintx ProfiledCodeHeapSize                     = 0                                      {pd product} {ergonomic}
   size_t SoftMaxHeapSize                          = 1579155456                             {manageable} {ergonomic}
     intx TieredStopAtLevel                        = 1                                         {product} {command line}
     bool UseCompressedClassPointers               = true                           {product lp64_product} {ergonomic}
     bool UseCompressedOops                        = true                           {product lp64_product} {ergonomic}
     bool UseG1GC                                  = true                                      {product} {ergonomic}
     bool UseLargePagesIndividualAllocation        = false                                  {pd product} {ergonomic}

Logging:
Log output configuration:
 #0: stdout all=warning uptime,level,tags
 #1: stderr all=off uptime,level,tags

Environment Variables:
PATH=C:\Program Files\Common Files\Oracle\Java\javapath;C:\Program Files (x86)\Common Files\Oracle\Java\javapath;C:\ProgramData\Oracle\Java\javapath;C:\Program Files\AdoptOpenJDK\jdk-11.0.11.9-hotspot\bin;C:\WINDOWS\system32;C:\WINDOWS;C:\WINDOWS\System32\Wbem;C:\WINDOWS\System32\WindowsPowerShell\v1.0\;C:\WINDOWS\System32\OpenSSH\;C:\Program Files (x86)\Microsoft SQL Server\150\DTS\Binn\;C:\Program Files\Azure Data Studio\bin;C:\Program Files (x86)\Microsoft SQL Server\150\Tools\Binn\;C:\Program Files\Microsoft SQL Server\150\Tools\Binn\;C:\Program Files\Microsoft SQL Server\150\DTS\Binn\;C:\Program Files\Microsoft SQL Server\Client SDK\ODBC\170\Tools\Binn\;C:\Users\phcfr\OneDrive\Área de Trabalho\PastaMack\;C:\Program Files\nodejs\;C:\Program Files\Git\cmd;C:\Ruby31-x64\bin;C:\Users\phcfr\AppData\Local\Microsoft\WindowsApps;C:\Users\phcfr\Downloads\apache-maven-3.8.1\bin;C:\Users\phcfr\AppData\Local\Programs\Microsoft VS Code\bin;C:\Users\phcfr\AppData\Roaming\npm;C:\Program Files\heroku\bin;C:\Program Files\Java\jre1.8.0_301\bin;
USERNAME=phcfr
OS=Windows_NT
PROCESSOR_IDENTIFIER=AMD64 Family 23 Model 24 Stepping 1, AuthenticAMD



---------------  S Y S T E M  ---------------

OS:
 Windows 11 , 64 bit Build 22000 (10.0.22000.434)
OS uptime: 27 days 2:04 hours

CPU: total 8 (initial active 8) (8 cores per cpu, 2 threads per core) family 23 model 24 stepping 1 microcode 0x0, cx8, cmov, fxsr, ht, mmx, 3dnowpref, sse, sse2, sse3, ssse3, sse4a, sse4.1, sse4.2, popcnt, lzcnt, tsc, tscinvbit, avx, avx2, aes, clmul, bmi1, bmi2, adx, sha, fma, vzeroupper, clflush, clflushopt

Memory: 4k page, system-wide physical 6020M (600M free)
TotalPageFile size 24452M (AvailPageFile size 59M)
current process WorkingSet (physical memory assigned to process): 39M, peak: 114M
current process commit charge ("private bytes"): 154M, peak: 197M

vm_info: OpenJDK 64-Bit Server VM (17.0.2+8) for windows-amd64 JRE (17.0.2+8), built on Jan 20 2022 04:52:34 by "" with MS VC++ 16.7 (VS2019)

END.
