#
# There is insufficient memory for the Java Runtime Environment to continue.
# Native memory allocation (malloc) failed to allocate 2097152 bytes for AllocateHeap
# Possible reasons:
#   The system is out of physical RAM or swap space
#   The process is running with CompressedOops enabled, and the Java Heap may be blocking the growth of the native heap
# Possible solutions:
#   Reduce memory load on the system
#   Increase physical memory or swap space
#   Check if swap backing store is full
#   Decrease Java heap size (-Xmx/-Xms)
#   Decrease number of Java threads
#   Decrease Java thread stack sizes (-Xss)
#   Set larger code cache with -XX:ReservedCodeCacheSize=
#   JVM is running with Unscaled Compressed Oops mode in which the Java heap is
#     placed in the first 4GB address space. The Java Heap base address is the
#     maximum limit for the native heap growth. Please use -XX:HeapBaseMinAddress
#     to set the Java Heap base and to place the Java Heap above 4GB virtual address.
# This output file may be truncated or incomplete.
#
#  Out of Memory Error (allocation.cpp:44), pid=25788, tid=13256
#
# JRE version: OpenJDK Runtime Environment Temurin-17.0.2+8 (17.0.2+8) (build 17.0.2+8)
# Java VM: OpenJDK 64-Bit Server VM Temurin-17.0.2+8 (17.0.2+8, mixed mode, emulated-client, tiered, compressed oops, compressed class ptrs, g1 gc, windows-amd64)
# No core dump will be written. Minidumps are not enabled by default on client versions of Windows
#

---------------  S U M M A R Y ------------

Command Line: -Dsts.lsp.client=vscode -Dsts.log.file=/dev/null -XX:TieredStopAtLevel=1 -Dspring.config.location=file:c:\Users\phcfr\.vscode\extensions\pivotal.vscode-spring-boot-1.32.0\language-server\BOOT-INF\classes\application.properties org.springframework.ide.vscode.boot.app.BootLanguageServerBootApp

Host: AMD Ryzen 7 3700U with Radeon Vega Mobile Gfx  , 8 cores, 5G,  Windows 11 , 64 bit Build 22000 (10.0.22000.434)
Time: Fri Apr  1 16:22:51 2022 Hora oficial do Brasil elapsed time: 12010.772123 seconds (0d 3h 20m 10s)

---------------  T H R E A D  ---------------

Current thread (0x0000023763817950):  VMThread "VM Thread" [stack: 0x000000bea2f00000,0x000000bea3000000] [id=13256]

Stack: [0x000000bea2f00000,0x000000bea3000000]
Native frames: (J=compiled Java code, j=interpreted, Vv=VM code, C=native code)
V  [jvm.dll+0x67564a]
V  [jvm.dll+0x82fc04]
V  [jvm.dll+0x8313ae]
V  [jvm.dll+0x831a13]
V  [jvm.dll+0x245235]
V  [jvm.dll+0xa6393]
V  [jvm.dll+0x2f52c1]
V  [jvm.dll+0x2f0f70]
V  [jvm.dll+0x2d96c7]
V  [jvm.dll+0x31c6b7]
V  [jvm.dll+0x835ebb]
V  [jvm.dll+0x836bf4]
V  [jvm.dll+0x83710c]
V  [jvm.dll+0x8374e4]
V  [jvm.dll+0x8375b0]
V  [jvm.dll+0x7dff2a]
V  [jvm.dll+0x6744d5]
C  [ucrtbase.dll+0x26c0c]
C  [KERNEL32.DLL+0x154e0]
C  [ntdll.dll+0x485b]

VM_Operation (0x000000bea45fee40): G1CollectFull, mode: safepoint, requested by thread 0x0000023764eee050


---------------  P R O C E S S  ---------------

Threads class SMR info:
_java_thread_list=0x00000237669a9c40, length=26, elements={
0x0000023763867580, 0x0000023763870680, 0x0000023763885df0, 0x00000237638867a0,
0x00000237638a1250, 0x00000237638a1c00, 0x00000237638a25b0, 0x00000237638aafb0,
0x0000023764516d30, 0x0000023764514c40, 0x0000023764eee050, 0x00000237644b0d50,
0x0000023757835340, 0x0000023766b77010, 0x0000023766b9d140, 0x0000023766bb0e50,
0x0000023766be6520, 0x0000023766bd6e40, 0x0000023766bfe290, 0x0000023766bff5d0,
0x0000023766bfff70, 0x0000023766c00440, 0x0000023766bfec30, 0x0000023766bff100,
0x0000023766c00de0, 0x0000023766bffaa0
}

Java Threads: ( => current thread )
  0x0000023763867580 JavaThread "Reference Handler" daemon [_thread_blocked, id=11092, stack(0x000000bea3000000,0x000000bea3100000)]
  0x0000023763870680 JavaThread "Finalizer" daemon [_thread_blocked, id=15968, stack(0x000000bea3100000,0x000000bea3200000)]
  0x0000023763885df0 JavaThread "Signal Dispatcher" daemon [_thread_blocked, id=23368, stack(0x000000bea3200000,0x000000bea3300000)]
  0x00000237638867a0 JavaThread "Attach Listener" daemon [_thread_blocked, id=8644, stack(0x000000bea3300000,0x000000bea3400000)]
  0x00000237638a1250 JavaThread "Service Thread" daemon [_thread_blocked, id=30716, stack(0x000000bea3400000,0x000000bea3500000)]
  0x00000237638a1c00 JavaThread "Monitor Deflation Thread" daemon [_thread_blocked, id=13792, stack(0x000000bea3500000,0x000000bea3600000)]
  0x00000237638a25b0 JavaThread "C1 CompilerThread0" daemon [_thread_blocked, id=2376, stack(0x000000bea3600000,0x000000bea3700000)]
  0x00000237638aafb0 JavaThread "Sweeper thread" daemon [_thread_blocked, id=25452, stack(0x000000bea3700000,0x000000bea3800000)]
  0x0000023764516d30 JavaThread "Notification Thread" daemon [_thread_blocked, id=10260, stack(0x000000bea3a00000,0x000000bea3b00000)]
  0x0000023764514c40 JavaThread "Common-Cleaner" daemon [_thread_blocked, id=19220, stack(0x000000bea3c00000,0x000000bea3d00000)]
  0x0000023764eee050 JavaThread "pool-5-thread-1" [_thread_blocked, id=14752, stack(0x000000bea4500000,0x000000bea4600000)]
  0x00000237644b0d50 JavaThread "LanguageServerApp-lifecycle" [_thread_blocked, id=8388, stack(0x000000bea4600000,0x000000bea4700000)]
  0x0000023757835340 JavaThread "DestroyJavaVM" [_thread_blocked, id=33852, stack(0x000000bea2900000,0x000000bea2a00000)]
  0x0000023766b77010 JavaThread "pool-6-thread-1" [_thread_in_native, id=14124, stack(0x000000bea4700000,0x000000bea4800000)]
  0x0000023766b9d140 JavaThread "Simple-Language-Server main thread" daemon [_thread_blocked, id=18848, stack(0x000000bea4800000,0x000000bea4900000)]
  0x0000023766bb0e50 JavaThread "pool-7-thread-1" [_thread_blocked, id=2848, stack(0x000000bea4900000,0x000000bea4a00000)]
  0x0000023766be6520 JavaThread "Reconciler-1" [_thread_blocked, id=6028, stack(0x000000bea4a00000,0x000000bea4b00000)]
  0x0000023766bd6e40 JavaThread "pool-4-thread-1" [_thread_blocked, id=35312, stack(0x000000bea4b00000,0x000000bea4c00000)]
  0x0000023766bfe290 JavaThread "parallel-1" daemon [_thread_blocked, id=20112, stack(0x000000bea4e00000,0x000000bea4f00000)]
  0x0000023766bff5d0 JavaThread "ForkJoinPool.commonPool-worker-7" daemon [_thread_in_native, id=35836, stack(0x000000bea5400000,0x000000bea5500000)]
  0x0000023766bfff70 JavaThread "ForkJoinPool.commonPool-worker-8" daemon [_thread_in_native, id=19048, stack(0x000000bea2600000,0x000000bea2700000)]
  0x0000023766c00440 JavaThread "ForkJoinPool.commonPool-worker-9" daemon [_thread_in_native, id=31396, stack(0x000000bea2700000,0x000000bea2800000)]
  0x0000023766bfec30 JavaThread "ForkJoinPool.commonPool-worker-10" daemon [_thread_in_native, id=34160, stack(0x000000bea2800000,0x000000bea2900000)]
  0x0000023766bff100 JavaThread "ForkJoinPool.commonPool-worker-11" daemon [_thread_in_native, id=27640, stack(0x000000bea3800000,0x000000bea3900000)]
  0x0000023766c00de0 JavaThread "ForkJoinPool.commonPool-worker-12" daemon [_thread_in_native, id=12712, stack(0x000000bea4c00000,0x000000bea4d00000)]
  0x0000023766bffaa0 JavaThread "ForkJoinPool.commonPool-worker-13" daemon [_thread_in_native, id=18128, stack(0x000000bea4d00000,0x000000bea4e00000)]

Other Threads:
=>0x0000023763817950 VMThread "VM Thread" [stack: 0x000000bea2f00000,0x000000bea3000000] [id=13256]
  0x0000023764517200 WatcherThread [stack: 0x000000bea3b00000,0x000000bea3c00000] [id=23416]
  0x000002375786c0d0 GCTaskThread "GC Thread#0" [stack: 0x000000bea2a00000,0x000000bea2b00000] [id=17568]
  0x0000023764bc1800 GCTaskThread "GC Thread#1" [stack: 0x000000bea3900000,0x000000bea3a00000] [id=34840]
  0x0000023764c1d9d0 GCTaskThread "GC Thread#2" [stack: 0x000000bea3d00000,0x000000bea3e00000] [id=2668]
  0x0000023764c1dc80 GCTaskThread "GC Thread#3" [stack: 0x000000bea3e00000,0x000000bea3f00000] [id=23912]
  0x0000023764c1df30 GCTaskThread "GC Thread#4" [stack: 0x000000bea3f00000,0x000000bea4000000] [id=18984]
  0x0000023764c1e1e0 GCTaskThread "GC Thread#5" [stack: 0x000000bea4000000,0x000000bea4100000] [id=12584]
  0x0000023764c224a0 GCTaskThread "GC Thread#6" [stack: 0x000000bea4100000,0x000000bea4200000] [id=30408]
  0x0000023764ef1c50 GCTaskThread "GC Thread#7" [stack: 0x000000bea4300000,0x000000bea4400000] [id=35036]
  0x0000023757878c50 ConcurrentGCThread "G1 Main Marker" [stack: 0x000000bea2b00000,0x000000bea2c00000] [id=28432]
  0x0000023757879660 ConcurrentGCThread "G1 Conc#0" [stack: 0x000000bea2c00000,0x000000bea2d00000] [id=11880]
  0x0000023766881130 ConcurrentGCThread "G1 Conc#1" [stack: 0x000000bea4400000,0x000000bea4500000] [id=33992]
  0x00000237578ef7c0 ConcurrentGCThread "G1 Refine#0" [stack: 0x000000bea2d00000,0x000000bea2e00000] [id=32700]
  0x0000023764ba5420 ConcurrentGCThread "G1 Refine#1" [stack: 0x000000bea4200000,0x000000bea4300000] [id=31296]
  0x00000237578f11f0 ConcurrentGCThread "G1 Service" [stack: 0x000000bea2e00000,0x000000bea2f00000] [id=2128]

Threads with active compile tasks:

VM state: at safepoint (normal execution)

VM Mutex/Monitor currently owned by a thread:  ([mutex/lock_event])
[0x000002375575a490] Threads_lock - owner thread: 0x0000023763817950
[0x0000023757831fe0] Heap_lock - owner thread: 0x0000023764eee050

Heap address: 0x00000000a1e00000, size: 1506 MB, Compressed Oops mode: 32-bit

CDS archive(s) not mapped
Compressed class space mapped at: 0x0000000100000000-0x0000000140000000, reserved size: 1073741824
Narrow klass base: 0x0000000000000000, Narrow klass shift: 3, Narrow klass range: 0x140000000

GC Precious Log:
 CPUs: 8 total, 8 available
 Memory: 6020M
 Large Page Support: Disabled
 NUMA Support: Disabled
 Compressed Oops: Enabled (32-bit)
 Heap Region Size: 1M
 Heap Min Capacity: 8M
 Heap Initial Capacity: 96M
 Heap Max Capacity: 1506M
 Pre-touch: Disabled
 Parallel Workers: 8
 Concurrent Workers: 2
 Concurrent Refinement Workers: 8
 Periodic GC: Disabled

Heap:
 garbage-first heap   total 37888K, used 16701K [0x00000000a1e00000, 0x0000000100000000)
  region size 1024K, 7 young (7168K), 0 survivors (0K)
 Metaspace       used 30062K, committed 30528K, reserved 1081344K
  class space    used 4045K, committed 4224K, reserved 1048576K

Heap Regions: E=young(eden), S=young(survivor), O=old, HS=humongous(starts), HC=humongous(continues), CS=collection set, F=free, OA=open archive, CA=closed archive, TAMS=top-at-mark-start (previous, next)
|   0|0x00000000a1e00000, 0x00000000a1effff8, 0x00000000a1f00000| 99%| O|  |TAMS 0x00000000a1effff8, 0x00000000a1e00000| Untracked 
|   1|0x00000000a1f00000, 0x00000000a1fffe80, 0x00000000a2000000| 99%| O|  |TAMS 0x00000000a1fffe80, 0x00000000a1f00000| Untracked 
|   2|0x00000000a2000000, 0x00000000a20fd180, 0x00000000a2100000| 98%| O|  |TAMS 0x00000000a20fd180, 0x00000000a2000000| Untracked 
|   3|0x00000000a2100000, 0x00000000a21ff980, 0x00000000a2200000| 99%| O|  |TAMS 0x00000000a21ff980, 0x00000000a2100000| Untracked 
|   4|0x00000000a2200000, 0x00000000a2300000, 0x00000000a2300000|100%| O|  |TAMS 0x00000000a2300000, 0x00000000a2200000| Untracked 
|   5|0x00000000a2300000, 0x00000000a23fffe0, 0x00000000a2400000| 99%| O|  |TAMS 0x00000000a23fffe0, 0x00000000a2300000| Untracked 
|   6|0x00000000a2400000, 0x00000000a24fffb0, 0x00000000a2500000| 99%| O|  |TAMS 0x00000000a24fffb0, 0x00000000a2400000| Untracked 
|   7|0x00000000a2500000, 0x00000000a25f8090, 0x00000000a2600000| 96%| O|  |TAMS 0x00000000a25f8090, 0x00000000a2500000| Untracked 
|   8|0x00000000a2600000, 0x00000000a26ffff0, 0x00000000a2700000| 99%| O|  |TAMS 0x00000000a26ffff0, 0x00000000a2600000| Untracked 
|   9|0x00000000a2700000, 0x00000000a27ffff8, 0x00000000a2800000| 99%| O|  |TAMS 0x00000000a27ffff8, 0x00000000a2700000| Untracked 
|  10|0x00000000a2800000, 0x00000000a28597e8, 0x00000000a2900000| 34%| O|  |TAMS 0x00000000a2800000, 0x00000000a2800000| Untracked 
|  11|0x00000000a2900000, 0x00000000a2901520, 0x00000000a2a00000|  0%| O|  |TAMS 0x00000000a2900000, 0x00000000a2900000| Untracked 
|  12|0x00000000a2a00000, 0x00000000a2a00000, 0x00000000a2b00000|  0%| F|  |TAMS 0x00000000a2a00000, 0x00000000a2a00000| Untracked 
|  13|0x00000000a2b00000, 0x00000000a2b00000, 0x00000000a2c00000|  0%| F|  |TAMS 0x00000000a2b00000, 0x00000000a2b00000| Untracked 
|  14|0x00000000a2c00000, 0x00000000a2c00000, 0x00000000a2d00000|  0%| F|  |TAMS 0x00000000a2c00000, 0x00000000a2c00000| Untracked 
|  15|0x00000000a2d00000, 0x00000000a2d00000, 0x00000000a2e00000|  0%| F|  |TAMS 0x00000000a2d00000, 0x00000000a2d00000| Untracked 
|  16|0x00000000a2e00000, 0x00000000a2e00000, 0x00000000a2f00000|  0%| F|  |TAMS 0x00000000a2e00000, 0x00000000a2e00000| Untracked 
|  17|0x00000000a2f00000, 0x00000000a2f00000, 0x00000000a3000000|  0%| F|  |TAMS 0x00000000a2f00000, 0x00000000a2f00000| Untracked 
|  18|0x00000000a3000000, 0x00000000a3000000, 0x00000000a3100000|  0%| F|  |TAMS 0x00000000a3000000, 0x00000000a3000000| Untracked 
|  19|0x00000000a3100000, 0x00000000a3100000, 0x00000000a3200000|  0%| F|  |TAMS 0x00000000a3100000, 0x00000000a3100000| Untracked 
|  20|0x00000000a3200000, 0x00000000a3200000, 0x00000000a3300000|  0%| F|  |TAMS 0x00000000a3200000, 0x00000000a3200000| Untracked 
|  21|0x00000000a3300000, 0x00000000a3300000, 0x00000000a3400000|  0%| F|  |TAMS 0x00000000a3300000, 0x00000000a3300000| Untracked 
|  22|0x00000000a3400000, 0x00000000a3400000, 0x00000000a3500000|  0%| F|  |TAMS 0x00000000a3400000, 0x00000000a3400000| Untracked 
|  23|0x00000000a3500000, 0x00000000a3500000, 0x00000000a3600000|  0%| F|  |TAMS 0x00000000a3500000, 0x00000000a3500000| Untracked 
|  24|0x00000000a3600000, 0x00000000a3600000, 0x00000000a3700000|  0%| F|  |TAMS 0x00000000a3600000, 0x00000000a3600000| Untracked 
|  25|0x00000000a3700000, 0x00000000a3700000, 0x00000000a3800000|  0%| F|  |TAMS 0x00000000a3700000, 0x00000000a3700000| Untracked 
|  26|0x00000000a3800000, 0x00000000a3800000, 0x00000000a3900000|  0%| F|  |TAMS 0x00000000a3800000, 0x00000000a3800000| Untracked 
|  27|0x00000000a3900000, 0x00000000a3900000, 0x00000000a3a00000|  0%| F|  |TAMS 0x00000000a3900000, 0x00000000a3900000| Untracked 
|  28|0x00000000a3a00000, 0x00000000a3a00000, 0x00000000a3b00000|  0%| F|  |TAMS 0x00000000a3a00000, 0x00000000a3a00000| Untracked 
|  29|0x00000000a3b00000, 0x00000000a3b00000, 0x00000000a3c00000|  0%| F|  |TAMS 0x00000000a3b00000, 0x00000000a3b00000| Untracked 
|  30|0x00000000a3c00000, 0x00000000a3c05118, 0x00000000a3d00000|  1%| E|  |TAMS 0x00000000a3c00000, 0x00000000a3c00000| Complete 
|  31|0x00000000a3d00000, 0x00000000a3e00000, 0x00000000a3e00000|100%| E|CS|TAMS 0x00000000a3d00000, 0x00000000a3d00000| Complete 
|  78|0x00000000a6c00000, 0x00000000a6d00000, 0x00000000a6d00000|100%| E|CS|TAMS 0x00000000a6c00000, 0x00000000a6c00000| Complete 
|  79|0x00000000a6d00000, 0x00000000a6e00000, 0x00000000a6e00000|100%| E|CS|TAMS 0x00000000a6d00000, 0x00000000a6d00000| Complete 
|  80|0x00000000a6e00000, 0x00000000a6f00000, 0x00000000a6f00000|100%| E|CS|TAMS 0x00000000a6e00000, 0x00000000a6e00000| Complete 
|  81|0x00000000a6f00000, 0x00000000a7000000, 0x00000000a7000000|100%| E|CS|TAMS 0x00000000a6f00000, 0x00000000a6f00000| Complete 
|  95|0x00000000a7d00000, 0x00000000a7e00000, 0x00000000a7e00000|100%| E|CS|TAMS 0x00000000a7d00000, 0x00000000a7d00000| Complete 

Card table byte_map: [0x000002375d8d0000,0x000002375dbd0000] _byte_map_base: 0x000002375d3c1000

Marking Bits (Prev, Next): (CMBitMap*) 0x000002375786c720, (CMBitMap*) 0x000002375786c6e0
 Prev Bits: [0x000002375f660000, 0x0000023760de8000)
 Next Bits: [0x000002375ded0000, 0x000002375f658000)

Polling page: 0x00000237559d0000

Metaspace:

Usage:
  Non-class:     25.41 MB used.
      Class:      3.95 MB used.
       Both:     29.36 MB used.

Virtual space:
  Non-class space:       32.00 MB reserved,      25.69 MB ( 80%) committed,  4 nodes.
      Class space:        1.00 GB reserved,       4.12 MB ( <1%) committed,  1 nodes.
             Both:        1.03 GB reserved,      29.81 MB (  3%) committed. 

Chunk freelists:
   Non-Class:  1.91 MB
       Class:  3.93 MB
        Both:  5.83 MB

MaxMetaspaceSize: unlimited
CompressedClassSpaceSize: 1.00 GB
Initial GC threshold: 21.00 MB
Current GC threshold: 49.69 MB
CDS: off
MetaspaceReclaimPolicy: balanced
 - commit_granule_bytes: 65536.
 - commit_granule_words: 8192.
 - virtual_space_node_default_size: 1048576.
 - enlarge_chunks_in_place: 1.
 - new_chunks_are_fully_committed: 0.
 - uncommit_free_chunks: 1.
 - use_allocation_guard: 0.
 - handle_deallocations: 1.


Internal statistics:

num_allocs_failed_limit: 3.
num_arena_births: 332.
num_arena_deaths: 106.
num_vsnodes_births: 5.
num_vsnodes_deaths: 0.
num_space_committed: 477.
num_space_uncommitted: 0.
num_chunks_returned_to_freelist: 113.
num_chunks_taken_from_freelist: 1187.
num_chunk_merges: 37.
num_chunk_splits: 766.
num_chunks_enlarged: 567.
num_purges: 6.
num_inconsistent_stats: 0.

CodeCache: size=49152Kb used=7001Kb max_used=8093Kb free=42150Kb
 bounds [0x000002375a4c0000, 0x000002375acb0000, 0x000002375d4c0000]
 total_blobs=4218 nmethods=3724 adapters=420
 compilation: enabled
              stopped_count=0, restarted_count=0
 full_count=0

Compilation events (20 events):
Event: 7326.579 Thread 0x00000237638a25b0 3734       1       sun.util.calendar.AbstractCalendar::getDayOfWeekDateOnOrBefore (31 bytes)
Event: 7326.580 Thread 0x00000237638a25b0 nmethod 3734 0x000002375ac08f10 code [0x000002375ac090a0, 0x000002375ac092d8]
Event: 7351.820 Thread 0x00000237638a25b0 3735       1       java.util.concurrent.ForkJoinTask::<init> (5 bytes)
Event: 7351.820 Thread 0x00000237638a25b0 nmethod 3735 0x000002375ac08c10 code [0x000002375ac08da0, 0x000002375ac08e58]
Event: 8077.766 Thread 0x00000237638a25b0 3736       1       java.text.NumberFormat::getMaximumIntegerDigits (5 bytes)
Event: 8077.767 Thread 0x00000237638a25b0 nmethod 3736 0x000002375ac08910 code [0x000002375ac08aa0, 0x000002375ac08b78]
Event: 8077.768 Thread 0x00000237638a25b0 3737       1       java.text.NumberFormat::getMinimumIntegerDigits (5 bytes)
Event: 8077.768 Thread 0x00000237638a25b0 nmethod 3737 0x000002375ac08610 code [0x000002375ac087a0, 0x000002375ac08878]
Event: 8077.768 Thread 0x00000237638a25b0 3738       1       java.text.NumberFormat::getMaximumFractionDigits (5 bytes)
Event: 8077.768 Thread 0x00000237638a25b0 nmethod 3738 0x000002375ac08310 code [0x000002375ac084a0, 0x000002375ac08578]
Event: 8077.768 Thread 0x00000237638a25b0 3739       1       java.text.NumberFormat::getMinimumFractionDigits (5 bytes)
Event: 8077.768 Thread 0x00000237638a25b0 nmethod 3739 0x000002375ac08010 code [0x000002375ac081a0, 0x000002375ac08278]
Event: 8077.768 Thread 0x00000237638a25b0 3740       1       java.text.DecimalFormatSymbols::getZeroDigit (5 bytes)
Event: 8077.768 Thread 0x00000237638a25b0 nmethod 3740 0x000002375ac07d10 code [0x000002375ac07ea0, 0x000002375ac07f78]
Event: 8082.800 Thread 0x00000237638a25b0 3743       1       java.text.DecimalFormat::append (94 bytes)
Event: 8082.809 Thread 0x00000237638a25b0 nmethod 3743 0x000002375ac07490 code [0x000002375ac07640, 0x000002375ac07a08]
Event: 8082.809 Thread 0x00000237638a25b0 3741       1       java.text.DecimalFormatSymbols::getGroupingSeparator (5 bytes)
Event: 8082.809 Thread 0x00000237638a25b0 nmethod 3741 0x000002375ac07190 code [0x000002375ac07320, 0x000002375ac073f8]
Event: 8082.809 Thread 0x00000237638a25b0 3742       1       java.text.DecimalFormatSymbols::getDecimalSeparator (5 bytes)
Event: 8082.810 Thread 0x00000237638a25b0 nmethod 3742 0x000002375ac06e90 code [0x000002375ac07020, 0x000002375ac070f8]

GC Heap History (20 events):
Event: 11907.979 GC heap before
{Heap before GC invocations=1151 (full 1142):
 garbage-first heap   total 37888K, used 16701K [0x00000000a1e00000, 0x0000000100000000)
  region size 1024K, 7 young (7168K), 0 survivors (0K)
 Metaspace       used 30062K, committed 30528K, reserved 1081344K
  class space    used 4045K, committed 4224K, reserved 1048576K
}
Event: 11907.998 GC heap after
{Heap after GC invocations=1152 (full 1143):
 garbage-first heap   total 37888K, used 10557K [0x00000000a1e00000, 0x0000000100000000)
  region size 1024K, 0 young (0K), 0 survivors (0K)
 Metaspace       used 30062K, committed 30528K, reserved 1081344K
  class space    used 4045K, committed 4224K, reserved 1048576K
}
Event: 11918.237 GC heap before
{Heap before GC invocations=1152 (full 1143):
 garbage-first heap   total 37888K, used 16701K [0x00000000a1e00000, 0x0000000100000000)
  region size 1024K, 7 young (7168K), 0 survivors (0K)
 Metaspace       used 30062K, committed 30528K, reserved 1081344K
  class space    used 4045K, committed 4224K, reserved 1048576K
}
Event: 11918.255 GC heap after
{Heap after GC invocations=1153 (full 1144):
 garbage-first heap   total 37888K, used 10557K [0x00000000a1e00000, 0x0000000100000000)
  region size 1024K, 0 young (0K), 0 survivors (0K)
 Metaspace       used 30062K, committed 30528K, reserved 1081344K
  class space    used 4045K, committed 4224K, reserved 1048576K
}
Event: 11928.481 GC heap before
{Heap before GC invocations=1153 (full 1144):
 garbage-first heap   total 37888K, used 16701K [0x00000000a1e00000, 0x0000000100000000)
  region size 1024K, 7 young (7168K), 0 survivors (0K)
 Metaspace       used 30062K, committed 30528K, reserved 1081344K
  class space    used 4045K, committed 4224K, reserved 1048576K
}
Event: 11928.498 GC heap after
{Heap after GC invocations=1154 (full 1145):
 garbage-first heap   total 37888K, used 10557K [0x00000000a1e00000, 0x0000000100000000)
  region size 1024K, 0 young (0K), 0 survivors (0K)
 Metaspace       used 30062K, committed 30528K, reserved 1081344K
  class space    used 4045K, committed 4224K, reserved 1048576K
}
Event: 11938.756 GC heap before
{Heap before GC invocations=1154 (full 1145):
 garbage-first heap   total 37888K, used 16701K [0x00000000a1e00000, 0x0000000100000000)
  region size 1024K, 7 young (7168K), 0 survivors (0K)
 Metaspace       used 30062K, committed 30528K, reserved 1081344K
  class space    used 4045K, committed 4224K, reserved 1048576K
}
Event: 11938.774 GC heap after
{Heap after GC invocations=1155 (full 1146):
 garbage-first heap   total 37888K, used 10557K [0x00000000a1e00000, 0x0000000100000000)
  region size 1024K, 0 young (0K), 0 survivors (0K)
 Metaspace       used 30062K, committed 30528K, reserved 1081344K
  class space    used 4045K, committed 4224K, reserved 1048576K
}
Event: 11949.006 GC heap before
{Heap before GC invocations=1155 (full 1146):
 garbage-first heap   total 37888K, used 16701K [0x00000000a1e00000, 0x0000000100000000)
  region size 1024K, 7 young (7168K), 0 survivors (0K)
 Metaspace       used 30062K, committed 30528K, reserved 1081344K
  class space    used 4045K, committed 4224K, reserved 1048576K
}
Event: 11949.023 GC heap after
{Heap after GC invocations=1156 (full 1147):
 garbage-first heap   total 37888K, used 10557K [0x00000000a1e00000, 0x0000000100000000)
  region size 1024K, 0 young (0K), 0 survivors (0K)
 Metaspace       used 30062K, committed 30528K, reserved 1081344K
  class space    used 4045K, committed 4224K, reserved 1048576K
}
Event: 11959.328 GC heap before
{Heap before GC invocations=1156 (full 1147):
 garbage-first heap   total 37888K, used 16701K [0x00000000a1e00000, 0x0000000100000000)
  region size 1024K, 7 young (7168K), 0 survivors (0K)
 Metaspace       used 30062K, committed 30528K, reserved 1081344K
  class space    used 4045K, committed 4224K, reserved 1048576K
}
Event: 11959.352 GC heap after
{Heap after GC invocations=1157 (full 1148):
 garbage-first heap   total 37888K, used 10557K [0x00000000a1e00000, 0x0000000100000000)
  region size 1024K, 0 young (0K), 0 survivors (0K)
 Metaspace       used 30062K, committed 30528K, reserved 1081344K
  class space    used 4045K, committed 4224K, reserved 1048576K
}
Event: 11969.607 GC heap before
{Heap before GC invocations=1157 (full 1148):
 garbage-first heap   total 37888K, used 16701K [0x00000000a1e00000, 0x0000000100000000)
  region size 1024K, 7 young (7168K), 0 survivors (0K)
 Metaspace       used 30062K, committed 30528K, reserved 1081344K
  class space    used 4045K, committed 4224K, reserved 1048576K
}
Event: 11969.627 GC heap after
{Heap after GC invocations=1158 (full 1149):
 garbage-first heap   total 37888K, used 10557K [0x00000000a1e00000, 0x0000000100000000)
  region size 1024K, 0 young (0K), 0 survivors (0K)
 Metaspace       used 30062K, committed 30528K, reserved 1081344K
  class space    used 4045K, committed 4224K, reserved 1048576K
}
Event: 11979.931 GC heap before
{Heap before GC invocations=1158 (full 1149):
 garbage-first heap   total 37888K, used 16701K [0x00000000a1e00000, 0x0000000100000000)
  region size 1024K, 7 young (7168K), 0 survivors (0K)
 Metaspace       used 30062K, committed 30528K, reserved 1081344K
  class space    used 4045K, committed 4224K, reserved 1048576K
}
Event: 11979.954 GC heap after
{Heap after GC invocations=1159 (full 1150):
 garbage-first heap   total 37888K, used 10557K [0x00000000a1e00000, 0x0000000100000000)
  region size 1024K, 0 young (0K), 0 survivors (0K)
 Metaspace       used 30062K, committed 30528K, reserved 1081344K
  class space    used 4045K, committed 4224K, reserved 1048576K
}
Event: 11990.232 GC heap before
{Heap before GC invocations=1159 (full 1150):
 garbage-first heap   total 37888K, used 16701K [0x00000000a1e00000, 0x0000000100000000)
  region size 1024K, 7 young (7168K), 0 survivors (0K)
 Metaspace       used 30062K, committed 30528K, reserved 1081344K
  class space    used 4045K, committed 4224K, reserved 1048576K
}
Event: 11990.255 GC heap after
{Heap after GC invocations=1160 (full 1151):
 garbage-first heap   total 37888K, used 10557K [0x00000000a1e00000, 0x0000000100000000)
  region size 1024K, 0 young (0K), 0 survivors (0K)
 Metaspace       used 30062K, committed 30528K, reserved 1081344K
  class space    used 4045K, committed 4224K, reserved 1048576K
}
Event: 12000.552 GC heap before
{Heap before GC invocations=1160 (full 1151):
 garbage-first heap   total 37888K, used 16701K [0x00000000a1e00000, 0x0000000100000000)
  region size 1024K, 7 young (7168K), 0 survivors (0K)
 Metaspace       used 30062K, committed 30528K, reserved 1081344K
  class space    used 4045K, committed 4224K, reserved 1048576K
}
Event: 12000.573 GC heap after
{Heap after GC invocations=1161 (full 1152):
 garbage-first heap   total 37888K, used 10557K [0x00000000a1e00000, 0x0000000100000000)
  region size 1024K, 0 young (0K), 0 survivors (0K)
 Metaspace       used 30062K, committed 30528K, reserved 1081344K
  class space    used 4045K, committed 4224K, reserved 1048576K
}

Deoptimization events (8 events):
Event: 8.045 Thread 0x0000023757835340 DEOPT PACKING pc=0x000002375a7a0cf5 sp=0x000000bea29fdcc0
Event: 8.045 Thread 0x0000023757835340 DEOPT UNPACKING pc=0x000002375a512b43 sp=0x000000bea29fd130 mode 3
Event: 11.468 Thread 0x0000023757835340 DEOPT PACKING pc=0x000002375a89d219 sp=0x000000bea29fd530
Event: 11.468 Thread 0x0000023757835340 DEOPT UNPACKING pc=0x000002375a512b43 sp=0x000000bea29fca10 mode 3
Event: 13.045 Thread 0x0000023757835340 DEOPT PACKING pc=0x000002375a962bf5 sp=0x000000bea29fd200
Event: 13.045 Thread 0x0000023757835340 DEOPT UNPACKING pc=0x000002375a512b43 sp=0x000000bea29fc670 mode 3
Event: 18.008 Thread 0x0000023766b9d140 DEOPT PACKING pc=0x000002375aaa1735 sp=0x000000bea48fdbf0
Event: 18.008 Thread 0x0000023766b9d140 DEOPT UNPACKING pc=0x000002375a512b43 sp=0x000000bea48fd118 mode 3

Classes unloaded (20 events):
Event: 69.049 Thread 0x0000023763817950 Unloading class 0x00000001002f0c00 'java/lang/invoke/LambdaForm$MH+0x00000001002f0c00'
Event: 69.049 Thread 0x0000023763817950 Unloading class 0x00000001002f0800 'java/lang/invoke/LambdaForm$MH+0x00000001002f0800'
Event: 69.049 Thread 0x0000023763817950 Unloading class 0x00000001002f0400 'java/lang/invoke/LambdaForm$MH+0x00000001002f0400'
Event: 69.049 Thread 0x0000023763817950 Unloading class 0x00000001002f0000 'java/lang/invoke/LambdaForm$MH+0x00000001002f0000'
Event: 69.049 Thread 0x0000023763817950 Unloading class 0x00000001002e8000 'java/lang/invoke/LambdaForm$MH+0x00000001002e8000'
Event: 69.049 Thread 0x0000023763817950 Unloading class 0x00000001002e5c00 'java/lang/invoke/LambdaForm$MH+0x00000001002e5c00'
Event: 69.049 Thread 0x0000023763817950 Unloading class 0x00000001002e5800 'java/lang/invoke/LambdaForm$MH+0x00000001002e5800'
Event: 69.049 Thread 0x0000023763817950 Unloading class 0x00000001002e5400 'java/lang/invoke/LambdaForm$MH+0x00000001002e5400'
Event: 69.049 Thread 0x0000023763817950 Unloading class 0x00000001002e4c00 'java/lang/invoke/LambdaForm$DMH+0x00000001002e4c00'
Event: 69.049 Thread 0x0000023763817950 Unloading class 0x00000001002e4400 'java/lang/invoke/LambdaForm$DMH+0x00000001002e4400'
Event: 69.049 Thread 0x0000023763817950 Unloading class 0x00000001001de800 'java/lang/invoke/LambdaForm$MH+0x00000001001de800'
Event: 69.049 Thread 0x0000023763817950 Unloading class 0x00000001001de400 'java/lang/invoke/LambdaForm$MH+0x00000001001de400'
Event: 69.049 Thread 0x0000023763817950 Unloading class 0x00000001001de000 'java/lang/invoke/LambdaForm$MH+0x00000001001de000'
Event: 69.049 Thread 0x0000023763817950 Unloading class 0x00000001001ddc00 'java/lang/invoke/LambdaForm$MH+0x00000001001ddc00'
Event: 69.049 Thread 0x0000023763817950 Unloading class 0x00000001001dd800 'java/lang/invoke/LambdaForm$MH+0x00000001001dd800'
Event: 69.049 Thread 0x0000023763817950 Unloading class 0x00000001001dd000 'java/lang/invoke/LambdaForm$MH+0x00000001001dd000'
Event: 69.049 Thread 0x0000023763817950 Unloading class 0x00000001000c8000 'java/lang/invoke/LambdaForm$MH+0x00000001000c8000'
Event: 2591.695 Thread 0x0000023763817950 Unloading class 0x00000001003fe400 'java/lang/invoke/LambdaForm$MH+0x00000001003fe400'
Event: 2591.695 Thread 0x0000023763817950 Unloading class 0x0000000100400400 'java/lang/invoke/LambdaForm$MH+0x0000000100400400'
Event: 2591.695 Thread 0x0000023763817950 Unloading class 0x0000000100401800 'java/lang/invoke/LambdaForm$MH+0x0000000100401800'

Classes redefined (0 events):
No events

Internal exceptions (20 events):
Event: 45.481 Thread 0x0000023766bfe760 Exception <a 'java/lang/IllegalArgumentException'{0x00000000a3c59e70}: Could not map vmid to user name> (0x00000000a3c59e70) 
thrown [e:\jenkins\tmp\workspace\build\src\src\hotspot\os\windows\perfMemory_windows.cpp, line 1617]
Event: 45.511 Thread 0x0000023766bfe760 Exception <a 'java/io/FileNotFoundException'{0x00000000a3c5b0f0}> (0x00000000a3c5b0f0) 
thrown [e:\jenkins\tmp\workspace\build\src\src\hotspot\share\prims\jni.cpp, line 516]
Event: 45.519 Thread 0x0000023766bfe760 Exception <a 'java/io/IOException'{0x00000000a3c5c2d0}: no such process> (0x00000000a3c5c2d0) 
thrown [e:\jenkins\tmp\workspace\build\src\src\hotspot\share\prims\jni.cpp, line 535]
Event: 57.590 Thread 0x0000023764eee050 Exception <a 'java/lang/NoSuchMethodError'{0x00000000a7d1f090}: 'void java.lang.invoke.DirectMethodHandle$Holder.invokeStatic(java.lang.Object, long)'> (0x00000000a7d1f090) 
thrown [e:\jenkins\tmp\workspace\build\src\src\hotspot\share\interpreter\linkResolver.cpp, line 766]
Event: 57.600 Thread 0x0000023764eee050 Exception <a 'java/lang/NoSuchMethodError'{0x00000000a7d24438}: 'java.lang.Object java.lang.invoke.DirectMethodHandle$Holder.newInvokeSpecial(java.lang.Object, long)'> (0x00000000a7d24438) 
thrown [e:\jenkins\tmp\workspace\build\src\src\hotspot\share\interpreter\linkResolver.cpp, line 766]
Event: 756.422 Thread 0x0000023766bfec30 Exception <a 'java/io/IOException'{0x00000000a3c9f870}> (0x00000000a3c9f870) 
thrown [e:\jenkins\tmp\workspace\build\src\src\hotspot\share\prims\jni.cpp, line 516]
Event: 1968.197 Thread 0x0000023766bb0e50 Exception <a 'java/lang/IllegalArgumentException'{0x00000000a3d0c760}: Could not map vmid to user name> (0x00000000a3d0c760) 
thrown [e:\jenkins\tmp\workspace\build\src\src\hotspot\os\windows\perfMemory_windows.cpp, line 1617]
Event: 1968.212 Thread 0x0000023766bb0e50 Exception <a 'java/io/FileNotFoundException'{0x00000000a3d0cb98}> (0x00000000a3d0cb98) 
thrown [e:\jenkins\tmp\workspace\build\src\src\hotspot\share\prims\jni.cpp, line 516]
Event: 2554.132 Thread 0x0000023766c00de0 Exception <a 'java/io/IOException'{0x00000000a6d4faf0}: Could not determine PerfMemory size> (0x00000000a6d4faf0) 
thrown [e:\jenkins\tmp\workspace\build\src\src\hotspot\os\windows\perfMemory_windows.cpp, line 1557]
Event: 2554.179 Thread 0x0000023766c00de0 Exception <a 'java/io/IOException'{0x00000000a6d5ec38}: no such process> (0x00000000a6d5ec38) 
thrown [e:\jenkins\tmp\workspace\build\src\src\hotspot\share\prims\jni.cpp, line 535]
Event: 2969.619 Thread 0x0000023766bb0e50 Exception <a 'java/lang/IllegalArgumentException'{0x00000000a3c09ea0}: Could not map vmid to user name> (0x00000000a3c09ea0) 
thrown [e:\jenkins\tmp\workspace\build\src\src\hotspot\os\windows\perfMemory_windows.cpp, line 1617]
Event: 2969.622 Thread 0x0000023766bb0e50 Exception <a 'java/io/FileNotFoundException'{0x00000000a3c0a2d8}> (0x00000000a3c0a2d8) 
thrown [e:\jenkins\tmp\workspace\build\src\src\hotspot\share\prims\jni.cpp, line 516]
Event: 2989.855 Thread 0x0000023766bb0e50 Exception <a 'java/lang/IllegalArgumentException'{0x00000000a3db99a8}: Could not map vmid to user name> (0x00000000a3db99a8) 
thrown [e:\jenkins\tmp\workspace\build\src\src\hotspot\os\windows\perfMemory_windows.cpp, line 1617]
Event: 2989.855 Thread 0x0000023766bb0e50 Exception <a 'java/io/FileNotFoundException'{0x00000000a3db9de0}> (0x00000000a3db9de0) 
thrown [e:\jenkins\tmp\workspace\build\src\src\hotspot\share\prims\jni.cpp, line 516]
Event: 5829.471 Thread 0x0000023766bb0e50 Exception <a 'java/lang/IllegalArgumentException'{0x00000000a6ef7420}: Could not map vmid to user name> (0x00000000a6ef7420) 
thrown [e:\jenkins\tmp\workspace\build\src\src\hotspot\os\windows\perfMemory_windows.cpp, line 1617]
Event: 5829.476 Thread 0x0000023766bb0e50 Exception <a 'java/io/FileNotFoundException'{0x00000000a6ef7858}> (0x00000000a6ef7858) 
thrown [e:\jenkins\tmp\workspace\build\src\src\hotspot\share\prims\jni.cpp, line 516]
Event: 6635.692 Thread 0x0000023766bb0e50 Exception <a 'java/lang/IllegalArgumentException'{0x00000000a6ef7428}: Could not map vmid to user name> (0x00000000a6ef7428) 
thrown [e:\jenkins\tmp\workspace\build\src\src\hotspot\os\windows\perfMemory_windows.cpp, line 1617]
Event: 6635.698 Thread 0x0000023766bb0e50 Exception <a 'java/io/FileNotFoundException'{0x00000000a6ef7860}> (0x00000000a6ef7860) 
thrown [e:\jenkins\tmp\workspace\build\src\src\hotspot\share\prims\jni.cpp, line 516]
Event: 7346.756 Thread 0x0000023766bb0e50 Exception <a 'java/lang/IllegalArgumentException'{0x00000000a6e533c0}: Could not map vmid to user name> (0x00000000a6e533c0) 
thrown [e:\jenkins\tmp\workspace\build\src\src\hotspot\os\windows\perfMemory_windows.cpp, line 1617]
Event: 7346.762 Thread 0x0000023766bb0e50 Exception <a 'java/io/FileNotFoundException'{0x00000000a6e537f8}> (0x00000000a6e537f8) 
thrown [e:\jenkins\tmp\workspace\build\src\src\hotspot\share\prims\jni.cpp, line 516]

VM Operations (20 events):
Event: 11907.999 Executing VM operation: G1CollectFull done
Event: 11918.237 Executing VM operation: G1CollectFull
Event: 11918.255 Executing VM operation: G1CollectFull done
Event: 11928.480 Executing VM operation: G1CollectFull
Event: 11928.498 Executing VM operation: G1CollectFull done
Event: 11938.756 Executing VM operation: G1CollectFull
Event: 11938.774 Executing VM operation: G1CollectFull done
Event: 11949.006 Executing VM operation: G1CollectFull
Event: 11949.024 Executing VM operation: G1CollectFull done
Event: 11959.328 Executing VM operation: G1CollectFull
Event: 11959.352 Executing VM operation: G1CollectFull done
Event: 11969.606 Executing VM operation: G1CollectFull
Event: 11969.627 Executing VM operation: G1CollectFull done
Event: 11979.931 Executing VM operation: G1CollectFull
Event: 11979.954 Executing VM operation: G1CollectFull done
Event: 11990.232 Executing VM operation: G1CollectFull
Event: 11990.255 Executing VM operation: G1CollectFull done
Event: 12000.552 Executing VM operation: G1CollectFull
Event: 12000.573 Executing VM operation: G1CollectFull done
Event: 12010.758 Executing VM operation: G1CollectFull

Events (20 events):
Event: 303.857 Thread 0x00000237669122f0 Thread added: 0x00000237669122f0
Event: 313.894 Thread 0x00000237669122f0 Thread exited: 0x00000237669122f0
Event: 318.964 Thread 0x0000023764c73e20 Thread exited: 0x0000023764c73e20
Event: 322.773 Thread 0x0000023766bfff70 Thread exited: 0x0000023766bfff70
Event: 376.748 Thread 0x0000023764c73e20 Thread added: 0x0000023764c73e20
Event: 381.800 Thread 0x0000023764c73e20 Thread exited: 0x0000023764c73e20
Event: 383.016 Thread 0x0000023766bfec30 Thread exited: 0x0000023766bfec30
Event: 445.591 Thread 0x0000023766c00910 Thread exited: 0x0000023766c00910
Event: 720.992 Thread 0x0000023766bfff70 Thread added: 0x0000023766bfff70
Event: 736.198 Thread 0x0000023766c00440 Thread added: 0x0000023766c00440
Event: 756.414 Thread 0x0000023766bfec30 Thread added: 0x0000023766bfec30
Event: 1957.943 Thread 0x0000023766bff100 Thread added: 0x0000023766bff100
Event: 1978.296 Thread 0x0000023764c18950 Thread added: 0x0000023764c18950
Event: 1978.297 Thread 0x00000237669cb030 Thread added: 0x00000237669cb030
Event: 1983.346 Thread 0x00000237669cb030 Thread exited: 0x00000237669cb030
Event: 1983.361 Thread 0x0000023764c18950 Thread exited: 0x0000023764c18950
Event: 2554.121 Thread 0x0000023766c00de0 Thread added: 0x0000023766c00de0
Event: 2984.752 Thread 0x0000023766bffaa0 Thread added: 0x0000023766bffaa0
Event: 7321.535 Thread 0x0000023766a1ff60 Thread added: 0x0000023766a1ff60
Event: 7326.552 Thread 0x0000023766a1ff60 Thread exited: 0x0000023766a1ff60


Dynamic libraries:
0x00007ff7f8540000 - 0x00007ff7f854e000 	c:\Users\phcfr\.vscode\extensions\redhat.java-1.4.0\jre\17.0.2-win32-x86_64\bin\java.exe
0x00007ffcc9da0000 - 0x00007ffcc9fa9000 	C:\WINDOWS\SYSTEM32\ntdll.dll
0x00007ffcc8e30000 - 0x00007ffcc8eed000 	C:\WINDOWS\System32\KERNEL32.DLL
0x00007ffcc73b0000 - 0x00007ffcc7724000 	C:\WINDOWS\System32\KERNELBASE.dll
0x00007ffcc7880000 - 0x00007ffcc7991000 	C:\WINDOWS\System32\ucrtbase.dll
0x00007ffcb6610000 - 0x00007ffcb6628000 	c:\Users\phcfr\.vscode\extensions\redhat.java-1.4.0\jre\17.0.2-win32-x86_64\bin\jli.dll
0x00007ffcc9960000 - 0x00007ffcc9b0c000 	C:\WINDOWS\System32\USER32.dll
0x00007ffcc7850000 - 0x00007ffcc7876000 	C:\WINDOWS\System32\win32u.dll
0x00007ffcb6090000 - 0x00007ffcb60a9000 	c:\Users\phcfr\.vscode\extensions\redhat.java-1.4.0\jre\17.0.2-win32-x86_64\bin\VCRUNTIME140.dll
0x00007ffcc8a70000 - 0x00007ffcc8a99000 	C:\WINDOWS\System32\GDI32.dll
0x00007ffcc7730000 - 0x00007ffcc7842000 	C:\WINDOWS\System32\gdi32full.dll
0x00007ffcc7290000 - 0x00007ffcc732d000 	C:\WINDOWS\System32\msvcp_win.dll
0x00007ffca2d20000 - 0x00007ffca2fc5000 	C:\WINDOWS\WinSxS\amd64_microsoft.windows.common-controls_6595b64144ccf1df_6.0.22000.120_none_9d947278b86cc467\COMCTL32.dll
0x00007ffcc9c30000 - 0x00007ffcc9cd3000 	C:\WINDOWS\System32\msvcrt.dll
0x00007ffcc8f10000 - 0x00007ffcc8f41000 	C:\WINDOWS\System32\IMM32.DLL
0x00007ffcbea70000 - 0x00007ffcbea7c000 	c:\Users\phcfr\.vscode\extensions\redhat.java-1.4.0\jre\17.0.2-win32-x86_64\bin\vcruntime140_1.dll
0x00007ffcae810000 - 0x00007ffcae8a1000 	c:\Users\phcfr\.vscode\extensions\redhat.java-1.4.0\jre\17.0.2-win32-x86_64\bin\msvcp140.dll
0x00007ffc76090000 - 0x00007ffc76cd7000 	c:\Users\phcfr\.vscode\extensions\redhat.java-1.4.0\jre\17.0.2-win32-x86_64\bin\server\jvm.dll
0x00007ffcc9b10000 - 0x00007ffcc9bbe000 	C:\WINDOWS\System32\ADVAPI32.dll
0x00007ffcc8bb0000 - 0x00007ffcc8c4e000 	C:\WINDOWS\System32\sechost.dll
0x00007ffcc88c0000 - 0x00007ffcc89e0000 	C:\WINDOWS\System32\RPCRT4.dll
0x00007ffcc9950000 - 0x00007ffcc9958000 	C:\WINDOWS\System32\PSAPI.DLL
0x00007ffca1f90000 - 0x00007ffca1f99000 	C:\WINDOWS\SYSTEM32\WSOCK32.dll
0x00007ffcc9cf0000 - 0x00007ffcc9d5f000 	C:\WINDOWS\System32\WS2_32.dll
0x00007ffcc1ca0000 - 0x00007ffcc1cd3000 	C:\WINDOWS\SYSTEM32\WINMM.dll
0x00007ffcbdc90000 - 0x00007ffcbdc9a000 	C:\WINDOWS\SYSTEM32\VERSION.dll
0x00007ffcc6390000 - 0x00007ffcc63a8000 	C:\WINDOWS\SYSTEM32\kernel.appcore.dll
0x00007ffcbcf50000 - 0x00007ffcbcf5a000 	c:\Users\phcfr\.vscode\extensions\redhat.java-1.4.0\jre\17.0.2-win32-x86_64\bin\jimage.dll
0x00007ffcc4ec0000 - 0x00007ffcc50e1000 	C:\WINDOWS\SYSTEM32\DBGHELP.DLL
0x00007ffcbe5e0000 - 0x00007ffcbe611000 	C:\WINDOWS\SYSTEM32\dbgcore.DLL
0x00007ffcc7330000 - 0x00007ffcc73af000 	C:\WINDOWS\System32\bcryptPrimitives.dll
0x00007ffcb5840000 - 0x00007ffcb5865000 	c:\Users\phcfr\.vscode\extensions\redhat.java-1.4.0\jre\17.0.2-win32-x86_64\bin\java.dll
0x00007ffcb5b00000 - 0x00007ffcb5b18000 	c:\Users\phcfr\.vscode\extensions\redhat.java-1.4.0\jre\17.0.2-win32-x86_64\bin\zip.dll
0x00007ffcc8f60000 - 0x00007ffcc970e000 	C:\WINDOWS\System32\SHELL32.dll
0x00007ffcc5400000 - 0x00007ffcc5c67000 	C:\WINDOWS\SYSTEM32\windows.storage.dll
0x00007ffcc7c40000 - 0x00007ffcc7fb8000 	C:\WINDOWS\System32\combase.dll
0x00007ffcc5290000 - 0x00007ffcc53f6000 	C:\WINDOWS\SYSTEM32\wintypes.dll
0x00007ffcc87d0000 - 0x00007ffcc88ba000 	C:\WINDOWS\System32\SHCORE.dll
0x00007ffcc8770000 - 0x00007ffcc87cd000 	C:\WINDOWS\System32\shlwapi.dll
0x00007ffcc71c0000 - 0x00007ffcc71e1000 	C:\WINDOWS\SYSTEM32\profapi.dll
0x00007ffcb5620000 - 0x00007ffcb5639000 	C:\Users\phcfr\.vscode\extensions\redhat.java-1.4.0\jre\17.0.2-win32-x86_64\bin\net.dll
0x00007ffcc29b0000 - 0x00007ffcc2abc000 	C:\WINDOWS\SYSTEM32\WINHTTP.dll
0x00007ffcc6830000 - 0x00007ffcc6897000 	C:\WINDOWS\system32\mswsock.dll
0x00007ffcb54c0000 - 0x00007ffcb54d5000 	C:\Users\phcfr\.vscode\extensions\redhat.java-1.4.0\jre\17.0.2-win32-x86_64\bin\nio.dll
0x00007ffcb6dd0000 - 0x00007ffcb6de0000 	c:\Users\phcfr\.vscode\extensions\redhat.java-1.4.0\jre\17.0.2-win32-x86_64\bin\verify.dll
0x00007ffcb7460000 - 0x00007ffcb7469000 	C:\Users\phcfr\.vscode\extensions\redhat.java-1.4.0\jre\17.0.2-win32-x86_64\bin\management.dll
0x00007ffcb6ff0000 - 0x00007ffcb6ffb000 	C:\Users\phcfr\.vscode\extensions\redhat.java-1.4.0\jre\17.0.2-win32-x86_64\bin\management_ext.dll
0x00007ffca3430000 - 0x00007ffca3447000 	C:\WINDOWS\system32\napinsp.dll
0x00007ffca3410000 - 0x00007ffca342b000 	C:\WINDOWS\system32\pnrpnsp.dll
0x00007ffcc5f30000 - 0x00007ffcc6017000 	C:\WINDOWS\SYSTEM32\DNSAPI.dll
0x00007ffcc5f00000 - 0x00007ffcc5f2d000 	C:\WINDOWS\SYSTEM32\IPHLPAPI.DLL
0x00007ffcc8d30000 - 0x00007ffcc8d39000 	C:\WINDOWS\System32\NSI.dll
0x00007ffca3350000 - 0x00007ffca3362000 	C:\WINDOWS\System32\winrnr.dll
0x00007ffcc1ed0000 - 0x00007ffcc1ee5000 	C:\WINDOWS\system32\wshbth.dll
0x00007ffca3330000 - 0x00007ffca334f000 	C:\WINDOWS\system32\nlansp_c.dll
0x00007ffcbf290000 - 0x00007ffcbf29a000 	C:\Windows\System32\rasadhlp.dll
0x00007ffcc1a20000 - 0x00007ffcc1aa1000 	C:\WINDOWS\System32\fwpuclnt.dll
0x00007ffcc6a80000 - 0x00007ffcc6a98000 	C:\WINDOWS\SYSTEM32\CRYPTSP.dll
0x00007ffcc62f0000 - 0x00007ffcc6325000 	C:\WINDOWS\system32\rsaenh.dll
0x00007ffcc6920000 - 0x00007ffcc6949000 	C:\WINDOWS\SYSTEM32\USERENV.dll
0x00007ffcc6c70000 - 0x00007ffcc6c97000 	C:\WINDOWS\SYSTEM32\bcrypt.dll
0x00007ffcc6aa0000 - 0x00007ffcc6aac000 	C:\WINDOWS\SYSTEM32\CRYPTBASE.dll
0x00007ffcc2990000 - 0x00007ffcc29a9000 	C:\WINDOWS\SYSTEM32\dhcpcsvc6.DLL
0x00007ffcc3030000 - 0x00007ffcc304e000 	C:\WINDOWS\SYSTEM32\dhcpcsvc.DLL
0x00007ffcb6fe0000 - 0x00007ffcb6fe9000 	C:\Users\phcfr\.vscode\extensions\redhat.java-1.4.0\jre\17.0.2-win32-x86_64\bin\attach.dll

dbghelp: loaded successfully - version: 4.0.5 - missing functions: none
symbol engine: initialized successfully - sym options: 0x614 - pdb path: .;c:\Users\phcfr\.vscode\extensions\redhat.java-1.4.0\jre\17.0.2-win32-x86_64\bin;C:\WINDOWS\SYSTEM32;C:\WINDOWS\WinSxS\amd64_microsoft.windows.common-controls_6595b64144ccf1df_6.0.22000.120_none_9d947278b86cc467;c:\Users\phcfr\.vscode\extensions\redhat.java-1.4.0\jre\17.0.2-win32-x86_64\bin\server

VM Arguments:
jvm_args: -Dsts.lsp.client=vscode -Dsts.log.file=/dev/null -XX:TieredStopAtLevel=1 -Dspring.config.location=file:c:\Users\phcfr\.vscode\extensions\pivotal.vscode-spring-boot-1.32.0\language-server\BOOT-INF\classes\application.properties 
java_command: org.springframework.ide.vscode.boot.app.BootLanguageServerBootApp
java_class_path (initial): c:\Users\phcfr\.vscode\extensions\pivotal.vscode-spring-boot-1.32.0\language-server\BOOT-INF\classes;c:\Users\phcfr\.vscode\extensions\pivotal.vscode-spring-boot-1.32.0\language-server\BOOT-INF\lib\antlr4-runtime-4.5.3.jar;c:\Users\phcfr\.vscode\extensions\pivotal.vscode-spring-boot-1.32.0\language-server\BOOT-INF\lib\byte-buddy-1.10.18.jar;c:\Users\phcfr\.vscode\extensions\pivotal.vscode-spring-boot-1.32.0\language-server\BOOT-INF\lib\commons-codec-1.14.jar;c:\Users\phcfr\.vscode\extensions\pivotal.vscode-spring-boot-1.32.0\language-server\BOOT-INF\lib\commons-io-2.4.jar;c:\Users\phcfr\.vscode\extensions\pivotal.vscode-spring-boot-1.32.0\language-server\BOOT-INF\lib\commons-java-1.32.0-SNAPSHOT.jar;c:\Users\phcfr\.vscode\extensions\pivotal.vscode-spring-boot-1.32.0\language-server\BOOT-INF\lib\commons-lang3-3.10.jar;c:\Users\phcfr\.vscode\extensions\pivotal.vscode-spring-boot-1.32.0\language-server\BOOT-INF\lib\commons-language-server-1.32.0-SNAPSHOT.jar;c:\Users\phcfr\.vscode\extensions\pivotal.vscode-spring-boot-1.32.0\language-server\BOOT-INF\lib\commons-lsp-extensions-1.32.0-SNAPSHOT.jar;c:\Users\phcfr\.vscode\extensions\pivotal.vscode-spring-boot-1.32.0\language-server\BOOT-INF\lib\commons-util-1.32.0-SNAPSHOT.jar;c:\Users\phcfr\.vscode\extensions\pivotal.vscode-spring-boot-1.32.0\language-server\BOOT-INF\lib\commons-yaml-1.32.0-SNAPSHOT.jar;c:\Users\phcfr\.vscode\extensions\pivotal.vscode-spring-boot-1.32.0\language-server\BOOT-INF\lib\gson-2.8.6.jar;c:\Users\phcfr\.vscode\extensions\pivotal.vscode-spring-boot-1.32.0\language-server\BOOT-INF\lib\guava-19.0.jar;c:\Users\phcfr\.vscode\extensions\pivotal.vscode-spring-boot-1.32.0\language-server\BOOT-INF\lib\jakarta.annotation-api-1.3.5.jar;c:\Users\phcfr\.vscode\extensions\pivotal.vscode-spring-boot-1.32.0\language-server\BOOT-INF\lib\jandex-2.0.5.Final.jar;c:\Users\phcfr\.vscode\extensions\pivotal.vscode-spring-boot-1.32.0\language-server\BOOT-INF\lib\java-properties-1.32.0-SNAPSHO
Launcher Type: SUN_STANDARD

[Global flags]
     intx CICompilerCount                          = 4                                         {product} {ergonomic}
     uint ConcGCThreads                            = 2                                         {product} {ergonomic}
     uint G1ConcRefinementThreads                  = 8                                         {product} {ergonomic}
   size_t G1HeapRegionSize                         = 1048576                                   {product} {ergonomic}
    uintx GCDrainStackTargetSize                   = 64                                        {product} {ergonomic}
   size_t InitialHeapSize                          = 100663296                                 {product} {ergonomic}
   size_t MarkStackSize                            = 4194304                                   {product} {ergonomic}
   size_t MaxHeapSize                              = 1579155456                                {product} {ergonomic}
   size_t MaxNewSize                               = 946864128                                 {product} {ergonomic}
   size_t MinHeapDeltaBytes                        = 1048576                                   {product} {ergonomic}
   size_t MinHeapSize                              = 8388608                                   {product} {ergonomic}
    uintx NonProfiledCodeHeapSize                  = 0                                      {pd product} {ergonomic}
     bool ProfileInterpreter                       = false                                  {pd product} {command line}
    uintx ProfiledCodeHeapSize                     = 0                                      {pd product} {ergonomic}
   size_t SoftMaxHeapSize                          = 1579155456                             {manageable} {ergonomic}
     intx TieredStopAtLevel                        = 1                                         {product} {command line}
     bool UseCompressedClassPointers               = true                           {product lp64_product} {ergonomic}
     bool UseCompressedOops                        = true                           {product lp64_product} {ergonomic}
     bool UseG1GC                                  = true                                      {product} {ergonomic}
     bool UseLargePagesIndividualAllocation        = false                                  {pd product} {ergonomic}

Logging:
Log output configuration:
 #0: stdout all=warning uptime,level,tags
 #1: stderr all=off uptime,level,tags

Environment Variables:
PATH=C:\Program Files\Common Files\Oracle\Java\javapath;C:\Program Files (x86)\Common Files\Oracle\Java\javapath;C:\ProgramData\Oracle\Java\javapath;C:\Program Files\AdoptOpenJDK\jdk-11.0.11.9-hotspot\bin;C:\WINDOWS\system32;C:\WINDOWS;C:\WINDOWS\System32\Wbem;C:\WINDOWS\System32\WindowsPowerShell\v1.0\;C:\WINDOWS\System32\OpenSSH\;C:\Program Files (x86)\Microsoft SQL Server\150\DTS\Binn\;C:\Program Files\Azure Data Studio\bin;C:\Program Files (x86)\Microsoft SQL Server\150\Tools\Binn\;C:\Program Files\Microsoft SQL Server\150\Tools\Binn\;C:\Program Files\Microsoft SQL Server\150\DTS\Binn\;C:\Program Files\Microsoft SQL Server\Client SDK\ODBC\170\Tools\Binn\;C:\Users\phcfr\OneDrive\rea de Trabalho\PastaMack\;C:\Program Files\nodejs\;C:\Program Files\Git\cmd;C:\Ruby31-x64\bin;C:\Users\phcfr\AppData\Local\Microsoft\WindowsApps;C:\Users\phcfr\Downloads\apache-maven-3.8.1\bin;C:\Users\phcfr\AppData\Local\Programs\Microsoft VS Code\bin;C:\Users\phcfr\AppData\Roaming\npm;C:\Program Files\heroku\bin;C:\Program Files\Java\jre1.8.0_301\bin;
USERNAME=phcfr
OS=Windows_NT
PROCESSOR_IDENTIFIER=AMD64 Family 23 Model 24 Stepping 1, AuthenticAMD



---------------  S Y S T E M  ---------------

OS:
 Windows 11 , 64 bit Build 22000 (10.0.22000.434)
OS uptime: 25 days 17:33 hours

CPU: total 8 (initial active 8) (8 cores per cpu, 2 threads per core) family 23 model 24 stepping 1 microcode 0x0, cx8, cmov, fxsr, ht, mmx, 3dnowpref, sse, sse2, sse3, ssse3, sse4a, sse4.1, sse4.2, popcnt, lzcnt, tsc, tscinvbit, avx, avx2, aes, clmul, bmi1, bmi2, adx, sha, fma, vzeroupper, clflush, clflushopt

Memory: 4k page, system-wide physical 6020M (299M free)
TotalPageFile size 24452M (AvailPageFile size 2M)
current process WorkingSet (physical memory assigned to process): 42M, peak: 114M
current process commit charge ("private bytes"): 155M, peak: 195M

vm_info: OpenJDK 64-Bit Server VM (17.0.2+8) for windows-amd64 JRE (17.0.2+8), built on Jan 20 2022 04:52:34 by "" with MS VC++ 16.7 (VS2019)

END.
