#
# There is insufficient memory for the Java Runtime Environment to continue.
# Native memory allocation (mmap) failed to map 65536 bytes for Failed to commit metaspace.
# Possible reasons:
#   The system is out of physical RAM or swap space
#   The process is running with CompressedOops enabled, and the Java Heap may be blocking the growth of the native heap
# Possible solutions:
#   Reduce memory load on the system
#   Increase physical memory or swap space
#   Check if swap backing store is full
#   Decrease Java heap size (-Xmx/-Xms)
#   Decrease number of Java threads
#   Decrease Java thread stack sizes (-Xss)
#   Set larger code cache with -XX:ReservedCodeCacheSize=
#   JVM is running with Unscaled Compressed Oops mode in which the Java heap is
#     placed in the first 4GB address space. The Java Heap base address is the
#     maximum limit for the native heap growth. Please use -XX:HeapBaseMinAddress
#     to set the Java Heap base and to place the Java Heap above 4GB virtual address.
# This output file may be truncated or incomplete.
#
#  Out of Memory Error (virtualSpaceNode.cpp:110), pid=18060, tid=23656
#
# JRE version: OpenJDK Runtime Environment Temurin-17.0.2+8 (17.0.2+8) (build 17.0.2+8)
# Java VM: OpenJDK 64-Bit Server VM Temurin-17.0.2+8 (17.0.2+8, mixed mode, emulated-client, tiered, compressed oops, compressed class ptrs, g1 gc, windows-amd64)
# No core dump will be written. Minidumps are not enabled by default on client versions of Windows
#

---------------  S U M M A R Y ------------

Command Line: -Dsts.lsp.client=vscode -Dsts.log.file=/dev/null -XX:TieredStopAtLevel=1 -Dspring.config.location=file:c:\Users\phcfr\.vscode\extensions\pivotal.vscode-spring-boot-1.32.0\language-server\BOOT-INF\classes\application.properties org.springframework.ide.vscode.boot.app.BootLanguageServerBootApp

Host: AMD Ryzen 7 3700U with Radeon Vega Mobile Gfx  , 8 cores, 5G,  Windows 11 , 64 bit Build 22000 (10.0.22000.434)
Time: Sun Apr  3 00:54:25 2022 Hora oficial do Brasil elapsed time: 6.797597 seconds (0d 0h 0m 6s)

---------------  T H R E A D  ---------------

Current thread (0x000001fd067ca7e0):  JavaThread "main" [_thread_in_vm, id=23656, stack(0x00000076eb900000,0x00000076eba00000)]

Stack: [0x00000076eb900000,0x00000076eba00000]
Native frames: (J=compiled Java code, j=interpreted, Vv=VM code, C=native code)
V  [jvm.dll+0x67564a]
V  [jvm.dll+0x82fc04]
V  [jvm.dll+0x8313ae]
V  [jvm.dll+0x831a13]
V  [jvm.dll+0x245235]
V  [jvm.dll+0x82bbab]
V  [jvm.dll+0x61a336]
V  [jvm.dll+0x1c016e]
V  [jvm.dll+0x61cc81]
V  [jvm.dll+0x61acd6]
V  [jvm.dll+0x62b9d9]
V  [jvm.dll+0x624d04]
V  [jvm.dll+0x37f131]
C  0x000001fd0945c294

Java frames: (J=compiled Java code, j=interpreted, Vv=VM code)
j  org.apache.xerces.impl.dv.dtd.ENTITYDatatypeValidator.<init>()V+0
j  org.apache.xerces.impl.dv.dtd.DTDDVFactoryImpl.createBuiltInTypes()V+71
j  org.apache.xerces.impl.dv.dtd.DTDDVFactoryImpl.<clinit>()V+10
v  ~StubRoutines::call_stub
j  jdk.internal.reflect.NativeConstructorAccessorImpl.newInstance0(Ljava/lang/reflect/Constructor;[Ljava/lang/Object;)Ljava/lang/Object;+0 java.base@17.0.2
j  jdk.internal.reflect.NativeConstructorAccessorImpl.newInstance([Ljava/lang/Object;)Ljava/lang/Object;+118 java.base@17.0.2
j  jdk.internal.reflect.DelegatingConstructorAccessorImpl.newInstance([Ljava/lang/Object;)Ljava/lang/Object;+5 java.base@17.0.2
j  java.lang.reflect.Constructor.newInstanceWithCaller([Ljava/lang/Object;ZLjava/lang/Class;)Ljava/lang/Object;+66 java.base@17.0.2
j  java.lang.reflect.ReflectAccess.newInstance(Ljava/lang/reflect/Constructor;[Ljava/lang/Object;Ljava/lang/Class;)Ljava/lang/Object;+4 java.base@17.0.2
j  jdk.internal.reflect.ReflectionFactory.newInstance(Ljava/lang/reflect/Constructor;[Ljava/lang/Object;Ljava/lang/Class;)Ljava/lang/Object;+7 java.base@17.0.2
j  java.lang.Class.newInstance()Ljava/lang/Object;+118 java.base@17.0.2
j  org.apache.xerces.impl.dv.ObjectFactory.newInstance(Ljava/lang/String;Ljava/lang/ClassLoader;Z)Ljava/lang/Object;+8
j  org.apache.xerces.impl.dv.DTDDVFactory.getInstance(Ljava/lang/String;)Lorg/apache/xerces/impl/dv/DTDDVFactory;+5
j  org.apache.xerces.impl.dv.DTDDVFactory.getInstance()Lorg/apache/xerces/impl/dv/DTDDVFactory;+2
j  org.apache.xerces.parsers.XML11Configuration.<init>(Lorg/apache/xerces/util/SymbolTable;Lorg/apache/xerces/xni/grammars/XMLGrammarPool;Lorg/apache/xerces/xni/parser/XMLComponentManager;)V+943
j  org.apache.xerces.parsers.XIncludeAwareParserConfiguration.<init>(Lorg/apache/xerces/util/SymbolTable;Lorg/apache/xerces/xni/grammars/XMLGrammarPool;Lorg/apache/xerces/xni/parser/XMLComponentManager;)V+4
j  org.apache.xerces.parsers.XIncludeAwareParserConfiguration.<init>()V+4
v  ~StubRoutines::call_stub
j  jdk.internal.reflect.NativeConstructorAccessorImpl.newInstance0(Ljava/lang/reflect/Constructor;[Ljava/lang/Object;)Ljava/lang/Object;+0 java.base@17.0.2
j  jdk.internal.reflect.NativeConstructorAccessorImpl.newInstance([Ljava/lang/Object;)Ljava/lang/Object;+118 java.base@17.0.2
j  jdk.internal.reflect.DelegatingConstructorAccessorImpl.newInstance([Ljava/lang/Object;)Ljava/lang/Object;+5 java.base@17.0.2
j  java.lang.reflect.Constructor.newInstanceWithCaller([Ljava/lang/Object;ZLjava/lang/Class;)Ljava/lang/Object;+66 java.base@17.0.2
j  java.lang.reflect.ReflectAccess.newInstance(Ljava/lang/reflect/Constructor;[Ljava/lang/Object;Ljava/lang/Class;)Ljava/lang/Object;+4 java.base@17.0.2
j  jdk.internal.reflect.ReflectionFactory.newInstance(Ljava/lang/reflect/Constructor;[Ljava/lang/Object;Ljava/lang/Class;)Ljava/lang/Object;+7 java.base@17.0.2
j  java.lang.Class.newInstance()Ljava/lang/Object;+118 java.base@17.0.2
j  org.apache.xerces.parsers.ObjectFactory.newInstance(Ljava/lang/String;Ljava/lang/ClassLoader;Z)Ljava/lang/Object;+8
j  org.apache.xerces.parsers.ObjectFactory.createObject(Ljava/lang/String;Ljava/lang/String;Ljava/lang/String;)Ljava/lang/Object;+594
j  org.apache.xerces.parsers.ObjectFactory.createObject(Ljava/lang/String;Ljava/lang/String;)Ljava/lang/Object;+3
j  org.apache.xerces.parsers.SAXParser.<init>(Lorg/apache/xerces/util/SymbolTable;Lorg/apache/xerces/xni/grammars/XMLGrammarPool;)V+5
j  org.apache.xerces.parsers.SAXParser.<init>()V+3
j  org.apache.xerces.jaxp.SAXParserImpl$JAXPSAXParser.<init>(Lorg/apache/xerces/jaxp/SAXParserImpl;)V+1
j  org.apache.xerces.jaxp.SAXParserImpl.<init>(Lorg/apache/xerces/jaxp/SAXParserFactoryImpl;Ljava/util/Hashtable;Z)V+15
j  org.apache.xerces.jaxp.SAXParserFactoryImpl.newSAXParser()Ljavax/xml/parsers/SAXParser;+13
j  ch.qos.logback.core.joran.event.SaxEventRecorder.buildSaxParser()Ljavax/xml/parsers/SAXParser;+15
j  ch.qos.logback.core.joran.event.SaxEventRecorder.recordEvents(Lorg/xml/sax/InputSource;)Ljava/util/List;+1
j  ch.qos.logback.core.joran.GenericConfigurator.doConfigure(Lorg/xml/sax/InputSource;)V+20
j  ch.qos.logback.core.joran.GenericConfigurator.doConfigure(Ljava/io/InputStream;Ljava/lang/String;)V+16
j  ch.qos.logback.core.joran.GenericConfigurator.doConfigure(Ljava/net/URL;)V+31
j  ch.qos.logback.classic.util.ContextInitializer.configureByResource(Ljava/net/URL;)V+103
j  ch.qos.logback.classic.util.ContextInitializer.autoConfig()V+19
j  org.slf4j.impl.StaticLoggerBinder.init()V+11
j  org.slf4j.impl.StaticLoggerBinder.<clinit>()V+28
v  ~StubRoutines::call_stub
j  org.slf4j.LoggerFactory.bind()V+16
j  org.slf4j.LoggerFactory.performInitialization()V+0
j  org.slf4j.LoggerFactory.getILoggerFactory()Lorg/slf4j/ILoggerFactory;+22
j  org.slf4j.LoggerFactory.getLogger(Ljava/lang/String;)Lorg/slf4j/Logger;+0
j  reactor.util.Loggers$Slf4JLoggerFactory.getLogger(Ljava/lang/String;)Lreactor/util/Logger;+5
j  reactor.util.Loggers.useSl4jLoggers()V+17
j  reactor.util.Loggers.resetLoggerFactory()V+0
j  reactor.util.Loggers.<clinit>()V+0
v  ~StubRoutines::call_stub
j  reactor.core.publisher.Hooks.<clinit>()V+2
v  ~StubRoutines::call_stub
j  org.springframework.ide.vscode.boot.app.BootLanguageServerBootApp.main([Ljava/lang/String;)V+0
v  ~StubRoutines::call_stub

---------------  P R O C E S S  ---------------

Threads class SMR info:
_java_thread_list=0x000001fd13545300, length=11, elements={
0x000001fd067ca7e0, 0x000001fd1280c740, 0x000001fd1280d4c0, 0x000001fd1285f550,
0x000001fd1281e500, 0x000001fd1281edc0, 0x000001fd1281f680, 0x000001fd128206e0,
0x000001fd12877de0, 0x000001fd135438a0, 0x000001fd1355c010
}

Java Threads: ( => current thread )
=>0x000001fd067ca7e0 JavaThread "main" [_thread_in_vm, id=23656, stack(0x00000076eb900000,0x00000076eba00000)]
  0x000001fd1280c740 JavaThread "Reference Handler" daemon [_thread_blocked, id=10336, stack(0x00000076ec000000,0x00000076ec100000)]
  0x000001fd1280d4c0 JavaThread "Finalizer" daemon [_thread_blocked, id=21440, stack(0x00000076ec100000,0x00000076ec200000)]
  0x000001fd1285f550 JavaThread "Signal Dispatcher" daemon [_thread_blocked, id=27252, stack(0x00000076ec200000,0x00000076ec300000)]
  0x000001fd1281e500 JavaThread "Attach Listener" daemon [_thread_blocked, id=18712, stack(0x00000076ec300000,0x00000076ec400000)]
  0x000001fd1281edc0 JavaThread "Service Thread" daemon [_thread_blocked, id=1600, stack(0x00000076ec400000,0x00000076ec500000)]
  0x000001fd1281f680 JavaThread "Monitor Deflation Thread" daemon [_thread_blocked, id=3392, stack(0x00000076ec500000,0x00000076ec600000)]
  0x000001fd128206e0 JavaThread "C1 CompilerThread0" daemon [_thread_blocked, id=8076, stack(0x00000076ec600000,0x00000076ec700000)]
  0x000001fd12877de0 JavaThread "Sweeper thread" daemon [_thread_blocked, id=19284, stack(0x00000076ec700000,0x00000076ec800000)]
  0x000001fd135438a0 JavaThread "Notification Thread" daemon [_thread_blocked, id=31748, stack(0x00000076eca00000,0x00000076ecb00000)]
  0x000001fd1355c010 JavaThread "Common-Cleaner" daemon [_thread_blocked, id=35588, stack(0x00000076ecc00000,0x00000076ecd00000)]

Other Threads:
  0x000001fd127f5240 VMThread "VM Thread" [stack: 0x00000076ebf00000,0x00000076ec000000] [id=35476]
  0x000001fd13543d70 WatcherThread [stack: 0x00000076ecb00000,0x00000076ecc00000] [id=17440]
  0x000001fd067fcff0 GCTaskThread "GC Thread#0" [stack: 0x00000076eba00000,0x00000076ebb00000] [id=7148]
  0x000001fd0680aa90 ConcurrentGCThread "G1 Main Marker" [stack: 0x00000076ebb00000,0x00000076ebc00000] [id=13664]
  0x000001fd0680c3c0 ConcurrentGCThread "G1 Conc#0" [stack: 0x00000076ebc00000,0x00000076ebd00000] [id=15940]
  0x000001fd068837d0 ConcurrentGCThread "G1 Refine#0" [stack: 0x00000076ebd00000,0x00000076ebe00000] [id=35032]
  0x000001fd06884100 ConcurrentGCThread "G1 Service" [stack: 0x00000076ebe00000,0x00000076ebf00000] [id=18884]

Threads with active compile tasks:

VM state: not at safepoint (normal execution)

VM Mutex/Monitor currently owned by a thread:  ([mutex/lock_event])
[0x000001fd0467b4a0] Metaspace_lock - owner thread: 0x000001fd067ca7e0

Heap address: 0x00000000a1e00000, size: 1506 MB, Compressed Oops mode: 32-bit

CDS archive(s) not mapped
Compressed class space mapped at: 0x0000000100000000-0x0000000140000000, reserved size: 1073741824
Narrow klass base: 0x0000000000000000, Narrow klass shift: 3, Narrow klass range: 0x140000000

GC Precious Log:
 CPUs: 8 total, 8 available
 Memory: 6020M
 Large Page Support: Disabled
 NUMA Support: Disabled
 Compressed Oops: Enabled (32-bit)
 Heap Region Size: 1M
 Heap Min Capacity: 8M
 Heap Initial Capacity: 96M
 Heap Max Capacity: 1506M
 Pre-touch: Disabled
 Parallel Workers: 8
 Concurrent Workers: 2
 Concurrent Refinement Workers: 8
 Periodic GC: Disabled

Heap:
 garbage-first heap   total 98304K, used 10240K [0x00000000a1e00000, 0x0000000100000000)
  region size 1024K, 12 young (12288K), 0 survivors (0K)
 Metaspace       used 7484K, committed 7616K, reserved 1056768K
  class space    used 793K, committed 896K, reserved 1048576K

Heap Regions: E=young(eden), S=young(survivor), O=old, HS=humongous(starts), HC=humongous(continues), CS=collection set, F=free, OA=open archive, CA=closed archive, TAMS=top-at-mark-start (previous, next)
|   0|0x00000000a1e00000, 0x00000000a1e00000, 0x00000000a1f00000|  0%| F|  |TAMS 0x00000000a1e00000, 0x00000000a1e00000| Untracked 
|   1|0x00000000a1f00000, 0x00000000a1f00000, 0x00000000a2000000|  0%| F|  |TAMS 0x00000000a1f00000, 0x00000000a1f00000| Untracked 
|   2|0x00000000a2000000, 0x00000000a2000000, 0x00000000a2100000|  0%| F|  |TAMS 0x00000000a2000000, 0x00000000a2000000| Untracked 
|   3|0x00000000a2100000, 0x00000000a2100000, 0x00000000a2200000|  0%| F|  |TAMS 0x00000000a2100000, 0x00000000a2100000| Untracked 
|   4|0x00000000a2200000, 0x00000000a2200000, 0x00000000a2300000|  0%| F|  |TAMS 0x00000000a2200000, 0x00000000a2200000| Untracked 
|   5|0x00000000a2300000, 0x00000000a2300000, 0x00000000a2400000|  0%| F|  |TAMS 0x00000000a2300000, 0x00000000a2300000| Untracked 
|   6|0x00000000a2400000, 0x00000000a2400000, 0x00000000a2500000|  0%| F|  |TAMS 0x00000000a2400000, 0x00000000a2400000| Untracked 
|   7|0x00000000a2500000, 0x00000000a2500000, 0x00000000a2600000|  0%| F|  |TAMS 0x00000000a2500000, 0x00000000a2500000| Untracked 
|   8|0x00000000a2600000, 0x00000000a2600000, 0x00000000a2700000|  0%| F|  |TAMS 0x00000000a2600000, 0x00000000a2600000| Untracked 
|   9|0x00000000a2700000, 0x00000000a2700000, 0x00000000a2800000|  0%| F|  |TAMS 0x00000000a2700000, 0x00000000a2700000| Untracked 
|  10|0x00000000a2800000, 0x00000000a2800000, 0x00000000a2900000|  0%| F|  |TAMS 0x00000000a2800000, 0x00000000a2800000| Untracked 
|  11|0x00000000a2900000, 0x00000000a2900000, 0x00000000a2a00000|  0%| F|  |TAMS 0x00000000a2900000, 0x00000000a2900000| Untracked 
|  12|0x00000000a2a00000, 0x00000000a2a00000, 0x00000000a2b00000|  0%| F|  |TAMS 0x00000000a2a00000, 0x00000000a2a00000| Untracked 
|  13|0x00000000a2b00000, 0x00000000a2b00000, 0x00000000a2c00000|  0%| F|  |TAMS 0x00000000a2b00000, 0x00000000a2b00000| Untracked 
|  14|0x00000000a2c00000, 0x00000000a2c00000, 0x00000000a2d00000|  0%| F|  |TAMS 0x00000000a2c00000, 0x00000000a2c00000| Untracked 
|  15|0x00000000a2d00000, 0x00000000a2d00000, 0x00000000a2e00000|  0%| F|  |TAMS 0x00000000a2d00000, 0x00000000a2d00000| Untracked 
|  16|0x00000000a2e00000, 0x00000000a2e00000, 0x00000000a2f00000|  0%| F|  |TAMS 0x00000000a2e00000, 0x00000000a2e00000| Untracked 
|  17|0x00000000a2f00000, 0x00000000a2f00000, 0x00000000a3000000|  0%| F|  |TAMS 0x00000000a2f00000, 0x00000000a2f00000| Untracked 
|  18|0x00000000a3000000, 0x00000000a3000000, 0x00000000a3100000|  0%| F|  |TAMS 0x00000000a3000000, 0x00000000a3000000| Untracked 
|  19|0x00000000a3100000, 0x00000000a3100000, 0x00000000a3200000|  0%| F|  |TAMS 0x00000000a3100000, 0x00000000a3100000| Untracked 
|  20|0x00000000a3200000, 0x00000000a3200000, 0x00000000a3300000|  0%| F|  |TAMS 0x00000000a3200000, 0x00000000a3200000| Untracked 
|  21|0x00000000a3300000, 0x00000000a3300000, 0x00000000a3400000|  0%| F|  |TAMS 0x00000000a3300000, 0x00000000a3300000| Untracked 
|  22|0x00000000a3400000, 0x00000000a3400000, 0x00000000a3500000|  0%| F|  |TAMS 0x00000000a3400000, 0x00000000a3400000| Untracked 
|  23|0x00000000a3500000, 0x00000000a3500000, 0x00000000a3600000|  0%| F|  |TAMS 0x00000000a3500000, 0x00000000a3500000| Untracked 
|  24|0x00000000a3600000, 0x00000000a3600000, 0x00000000a3700000|  0%| F|  |TAMS 0x00000000a3600000, 0x00000000a3600000| Untracked 
|  25|0x00000000a3700000, 0x00000000a3700000, 0x00000000a3800000|  0%| F|  |TAMS 0x00000000a3700000, 0x00000000a3700000| Untracked 
|  26|0x00000000a3800000, 0x00000000a3800000, 0x00000000a3900000|  0%| F|  |TAMS 0x00000000a3800000, 0x00000000a3800000| Untracked 
|  27|0x00000000a3900000, 0x00000000a3900000, 0x00000000a3a00000|  0%| F|  |TAMS 0x00000000a3900000, 0x00000000a3900000| Untracked 
|  28|0x00000000a3a00000, 0x00000000a3a00000, 0x00000000a3b00000|  0%| F|  |TAMS 0x00000000a3a00000, 0x00000000a3a00000| Untracked 
|  29|0x00000000a3b00000, 0x00000000a3b00000, 0x00000000a3c00000|  0%| F|  |TAMS 0x00000000a3b00000, 0x00000000a3b00000| Untracked 
|  30|0x00000000a3c00000, 0x00000000a3c00000, 0x00000000a3d00000|  0%| F|  |TAMS 0x00000000a3c00000, 0x00000000a3c00000| Untracked 
|  31|0x00000000a3d00000, 0x00000000a3d00000, 0x00000000a3e00000|  0%| F|  |TAMS 0x00000000a3d00000, 0x00000000a3d00000| Untracked 
|  32|0x00000000a3e00000, 0x00000000a3e00000, 0x00000000a3f00000|  0%| F|  |TAMS 0x00000000a3e00000, 0x00000000a3e00000| Untracked 
|  33|0x00000000a3f00000, 0x00000000a3f00000, 0x00000000a4000000|  0%| F|  |TAMS 0x00000000a3f00000, 0x00000000a3f00000| Untracked 
|  34|0x00000000a4000000, 0x00000000a4000000, 0x00000000a4100000|  0%| F|  |TAMS 0x00000000a4000000, 0x00000000a4000000| Untracked 
|  35|0x00000000a4100000, 0x00000000a4100000, 0x00000000a4200000|  0%| F|  |TAMS 0x00000000a4100000, 0x00000000a4100000| Untracked 
|  36|0x00000000a4200000, 0x00000000a4200000, 0x00000000a4300000|  0%| F|  |TAMS 0x00000000a4200000, 0x00000000a4200000| Untracked 
|  37|0x00000000a4300000, 0x00000000a4300000, 0x00000000a4400000|  0%| F|  |TAMS 0x00000000a4300000, 0x00000000a4300000| Untracked 
|  38|0x00000000a4400000, 0x00000000a4400000, 0x00000000a4500000|  0%| F|  |TAMS 0x00000000a4400000, 0x00000000a4400000| Untracked 
|  39|0x00000000a4500000, 0x00000000a4500000, 0x00000000a4600000|  0%| F|  |TAMS 0x00000000a4500000, 0x00000000a4500000| Untracked 
|  40|0x00000000a4600000, 0x00000000a4600000, 0x00000000a4700000|  0%| F|  |TAMS 0x00000000a4600000, 0x00000000a4600000| Untracked 
|  41|0x00000000a4700000, 0x00000000a4700000, 0x00000000a4800000|  0%| F|  |TAMS 0x00000000a4700000, 0x00000000a4700000| Untracked 
|  42|0x00000000a4800000, 0x00000000a4800000, 0x00000000a4900000|  0%| F|  |TAMS 0x00000000a4800000, 0x00000000a4800000| Untracked 
|  43|0x00000000a4900000, 0x00000000a4900000, 0x00000000a4a00000|  0%| F|  |TAMS 0x00000000a4900000, 0x00000000a4900000| Untracked 
|  44|0x00000000a4a00000, 0x00000000a4a00000, 0x00000000a4b00000|  0%| F|  |TAMS 0x00000000a4a00000, 0x00000000a4a00000| Untracked 
|  45|0x00000000a4b00000, 0x00000000a4b00000, 0x00000000a4c00000|  0%| F|  |TAMS 0x00000000a4b00000, 0x00000000a4b00000| Untracked 
|  46|0x00000000a4c00000, 0x00000000a4c00000, 0x00000000a4d00000|  0%| F|  |TAMS 0x00000000a4c00000, 0x00000000a4c00000| Untracked 
|  47|0x00000000a4d00000, 0x00000000a4d00000, 0x00000000a4e00000|  0%| F|  |TAMS 0x00000000a4d00000, 0x00000000a4d00000| Untracked 
|  48|0x00000000a4e00000, 0x00000000a4e00000, 0x00000000a4f00000|  0%| F|  |TAMS 0x00000000a4e00000, 0x00000000a4e00000| Untracked 
|  49|0x00000000a4f00000, 0x00000000a4f00000, 0x00000000a5000000|  0%| F|  |TAMS 0x00000000a4f00000, 0x00000000a4f00000| Untracked 
|  50|0x00000000a5000000, 0x00000000a5000000, 0x00000000a5100000|  0%| F|  |TAMS 0x00000000a5000000, 0x00000000a5000000| Untracked 
|  51|0x00000000a5100000, 0x00000000a5100000, 0x00000000a5200000|  0%| F|  |TAMS 0x00000000a5100000, 0x00000000a5100000| Untracked 
|  52|0x00000000a5200000, 0x00000000a5200000, 0x00000000a5300000|  0%| F|  |TAMS 0x00000000a5200000, 0x00000000a5200000| Untracked 
|  53|0x00000000a5300000, 0x00000000a5300000, 0x00000000a5400000|  0%| F|  |TAMS 0x00000000a5300000, 0x00000000a5300000| Untracked 
|  54|0x00000000a5400000, 0x00000000a5400000, 0x00000000a5500000|  0%| F|  |TAMS 0x00000000a5400000, 0x00000000a5400000| Untracked 
|  55|0x00000000a5500000, 0x00000000a5500000, 0x00000000a5600000|  0%| F|  |TAMS 0x00000000a5500000, 0x00000000a5500000| Untracked 
|  56|0x00000000a5600000, 0x00000000a5600000, 0x00000000a5700000|  0%| F|  |TAMS 0x00000000a5600000, 0x00000000a5600000| Untracked 
|  57|0x00000000a5700000, 0x00000000a5700000, 0x00000000a5800000|  0%| F|  |TAMS 0x00000000a5700000, 0x00000000a5700000| Untracked 
|  58|0x00000000a5800000, 0x00000000a5800000, 0x00000000a5900000|  0%| F|  |TAMS 0x00000000a5800000, 0x00000000a5800000| Untracked 
|  59|0x00000000a5900000, 0x00000000a5900000, 0x00000000a5a00000|  0%| F|  |TAMS 0x00000000a5900000, 0x00000000a5900000| Untracked 
|  60|0x00000000a5a00000, 0x00000000a5a00000, 0x00000000a5b00000|  0%| F|  |TAMS 0x00000000a5a00000, 0x00000000a5a00000| Untracked 
|  61|0x00000000a5b00000, 0x00000000a5b00000, 0x00000000a5c00000|  0%| F|  |TAMS 0x00000000a5b00000, 0x00000000a5b00000| Untracked 
|  62|0x00000000a5c00000, 0x00000000a5c00000, 0x00000000a5d00000|  0%| F|  |TAMS 0x00000000a5c00000, 0x00000000a5c00000| Untracked 
|  63|0x00000000a5d00000, 0x00000000a5d00000, 0x00000000a5e00000|  0%| F|  |TAMS 0x00000000a5d00000, 0x00000000a5d00000| Untracked 
|  64|0x00000000a5e00000, 0x00000000a5e00000, 0x00000000a5f00000|  0%| F|  |TAMS 0x00000000a5e00000, 0x00000000a5e00000| Untracked 
|  65|0x00000000a5f00000, 0x00000000a5f00000, 0x00000000a6000000|  0%| F|  |TAMS 0x00000000a5f00000, 0x00000000a5f00000| Untracked 
|  66|0x00000000a6000000, 0x00000000a6000000, 0x00000000a6100000|  0%| F|  |TAMS 0x00000000a6000000, 0x00000000a6000000| Untracked 
|  67|0x00000000a6100000, 0x00000000a6100000, 0x00000000a6200000|  0%| F|  |TAMS 0x00000000a6100000, 0x00000000a6100000| Untracked 
|  68|0x00000000a6200000, 0x00000000a6200000, 0x00000000a6300000|  0%| F|  |TAMS 0x00000000a6200000, 0x00000000a6200000| Untracked 
|  69|0x00000000a6300000, 0x00000000a6300000, 0x00000000a6400000|  0%| F|  |TAMS 0x00000000a6300000, 0x00000000a6300000| Untracked 
|  70|0x00000000a6400000, 0x00000000a6400000, 0x00000000a6500000|  0%| F|  |TAMS 0x00000000a6400000, 0x00000000a6400000| Untracked 
|  71|0x00000000a6500000, 0x00000000a6500000, 0x00000000a6600000|  0%| F|  |TAMS 0x00000000a6500000, 0x00000000a6500000| Untracked 
|  72|0x00000000a6600000, 0x00000000a6600000, 0x00000000a6700000|  0%| F|  |TAMS 0x00000000a6600000, 0x00000000a6600000| Untracked 
|  73|0x00000000a6700000, 0x00000000a6700000, 0x00000000a6800000|  0%| F|  |TAMS 0x00000000a6700000, 0x00000000a6700000| Untracked 
|  74|0x00000000a6800000, 0x00000000a6800000, 0x00000000a6900000|  0%| F|  |TAMS 0x00000000a6800000, 0x00000000a6800000| Untracked 
|  75|0x00000000a6900000, 0x00000000a6900000, 0x00000000a6a00000|  0%| F|  |TAMS 0x00000000a6900000, 0x00000000a6900000| Untracked 
|  76|0x00000000a6a00000, 0x00000000a6a00000, 0x00000000a6b00000|  0%| F|  |TAMS 0x00000000a6a00000, 0x00000000a6a00000| Untracked 
|  77|0x00000000a6b00000, 0x00000000a6b00000, 0x00000000a6c00000|  0%| F|  |TAMS 0x00000000a6b00000, 0x00000000a6b00000| Untracked 
|  78|0x00000000a6c00000, 0x00000000a6c00000, 0x00000000a6d00000|  0%| F|  |TAMS 0x00000000a6c00000, 0x00000000a6c00000| Untracked 
|  79|0x00000000a6d00000, 0x00000000a6d00000, 0x00000000a6e00000|  0%| F|  |TAMS 0x00000000a6d00000, 0x00000000a6d00000| Untracked 
|  80|0x00000000a6e00000, 0x00000000a6e00000, 0x00000000a6f00000|  0%| F|  |TAMS 0x00000000a6e00000, 0x00000000a6e00000| Untracked 
|  81|0x00000000a6f00000, 0x00000000a6f00000, 0x00000000a7000000|  0%| F|  |TAMS 0x00000000a6f00000, 0x00000000a6f00000| Untracked 
|  82|0x00000000a7000000, 0x00000000a7000000, 0x00000000a7100000|  0%| F|  |TAMS 0x00000000a7000000, 0x00000000a7000000| Untracked 
|  83|0x00000000a7100000, 0x00000000a7100000, 0x00000000a7200000|  0%| F|  |TAMS 0x00000000a7100000, 0x00000000a7100000| Untracked 
|  84|0x00000000a7200000, 0x00000000a72f2a10, 0x00000000a7300000| 94%| E|  |TAMS 0x00000000a7200000, 0x00000000a7200000| Complete 
|  85|0x00000000a7300000, 0x00000000a7400000, 0x00000000a7400000|100%| E|CS|TAMS 0x00000000a7300000, 0x00000000a7300000| Complete 
|  86|0x00000000a7400000, 0x00000000a7500000, 0x00000000a7500000|100%| E|CS|TAMS 0x00000000a7400000, 0x00000000a7400000| Complete 
|  87|0x00000000a7500000, 0x00000000a7600000, 0x00000000a7600000|100%| E|CS|TAMS 0x00000000a7500000, 0x00000000a7500000| Complete 
|  88|0x00000000a7600000, 0x00000000a7700000, 0x00000000a7700000|100%| E|CS|TAMS 0x00000000a7600000, 0x00000000a7600000| Complete 
|  89|0x00000000a7700000, 0x00000000a7800000, 0x00000000a7800000|100%| E|  |TAMS 0x00000000a7700000, 0x00000000a7700000| Complete 
|  90|0x00000000a7800000, 0x00000000a7900000, 0x00000000a7900000|100%| E|CS|TAMS 0x00000000a7800000, 0x00000000a7800000| Complete 
|  91|0x00000000a7900000, 0x00000000a7a00000, 0x00000000a7a00000|100%| E|CS|TAMS 0x00000000a7900000, 0x00000000a7900000| Complete 
|  92|0x00000000a7a00000, 0x00000000a7b00000, 0x00000000a7b00000|100%| E|CS|TAMS 0x00000000a7a00000, 0x00000000a7a00000| Complete 
|  93|0x00000000a7b00000, 0x00000000a7c00000, 0x00000000a7c00000|100%| E|CS|TAMS 0x00000000a7b00000, 0x00000000a7b00000| Complete 
|  94|0x00000000a7c00000, 0x00000000a7d00000, 0x00000000a7d00000|100%| E|CS|TAMS 0x00000000a7c00000, 0x00000000a7c00000| Complete 
|  95|0x00000000a7d00000, 0x00000000a7e00000, 0x00000000a7e00000|100%| E|CS|TAMS 0x00000000a7d00000, 0x00000000a7d00000| Complete 

Card table byte_map: [0x000001fd0c860000,0x000001fd0cb60000] _byte_map_base: 0x000001fd0c351000

Marking Bits (Prev, Next): (CMBitMap*) 0x000001fd067fe520, (CMBitMap*) 0x000001fd067fe560
 Prev Bits: [0x000001fd0ce60000, 0x000001fd0e5e8000)
 Next Bits: [0x000001fd0e5f0000, 0x000001fd0fd78000)

Polling page: 0x000001fd047b0000

Metaspace:

Usage:
  Non-class:      6.53 MB used.
      Class:    793.88 KB used.
       Both:      7.31 MB used.

Virtual space:
  Non-class space:        8.00 MB reserved,       6.56 MB ( 82%) committed,  1 nodes.
      Class space:        1.00 GB reserved,     896.00 KB ( <1%) committed,  1 nodes.
             Both:        1.01 GB reserved,       7.44 MB ( <1%) committed. 

Chunk freelists:
   Non-Class:  1.42 MB
       Class:  3.11 MB
        Both:  4.53 MB

MaxMetaspaceSize: unlimited
CompressedClassSpaceSize: 1.00 GB
Initial GC threshold: 21.00 MB
Current GC threshold: 21.00 MB
CDS: off
MetaspaceReclaimPolicy: balanced
 - commit_granule_bytes: 65536.
 - commit_granule_words: 8192.
 - virtual_space_node_default_size: 1048576.
 - enlarge_chunks_in_place: 1.
 - new_chunks_are_fully_committed: 0.
 - uncommit_free_chunks: 1.
 - use_allocation_guard: 0.
 - handle_deallocations: 1.


Internal statistics:

num_allocs_failed_limit: 0.
num_arena_births: 28.
num_arena_deaths: 0.
num_vsnodes_births: 2.
num_vsnodes_deaths: 0.
num_space_committed: 119.
num_space_uncommitted: 0.
num_chunks_returned_to_freelist: 0.
num_chunks_taken_from_freelist: 85.
num_chunk_merges: 0.
num_chunk_splits: 62.
num_chunks_enlarged: 51.
num_purges: 0.
num_inconsistent_stats: 0.

CodeCache: size=49152Kb used=1884Kb max_used=2296Kb free=47267Kb
 bounds [0x000001fd09450000, 0x000001fd096c0000, 0x000001fd0c450000]
 total_blobs=937 nmethods=562 adapters=303
 compilation: enabled
              stopped_count=0, restarted_count=0
 full_count=0

Compilation events (20 events):
Event: 6.690 Thread 0x000001fd128206e0  551       1       java.util.jar.JarFile::entryFor (10 bytes)
Event: 6.691 Thread 0x000001fd128206e0 nmethod 551 0x000001fd095bc110 code [0x000001fd095bc2c0, 0x000001fd095bc4c8]
Event: 6.691 Thread 0x000001fd128206e0  552       1       java.util.jar.JarFile$JarFileEntry::<init> (16 bytes)
Event: 6.691 Thread 0x000001fd128206e0 nmethod 552 0x000001fd095bbd10 code [0x000001fd095bbea0, 0x000001fd095bc048]
Event: 6.691 Thread 0x000001fd128206e0  553       1       sun.net.www.protocol.jar.Handler::checkNestedProtocol (18 bytes)
Event: 6.691 Thread 0x000001fd128206e0 nmethod 553 0x000001fd095bb990 code [0x000001fd095bbb40, 0x000001fd095bbc88]
Event: 6.771 Thread 0x000001fd128206e0  555       1       java.lang.ref.SoftReference::get (29 bytes)
Event: 6.771 Thread 0x000001fd128206e0 nmethod 555 0x000001fd095bac10 code [0x000001fd095bada0, 0x000001fd095baeb8]
Event: 6.780 Thread 0x000001fd128206e0  556       1       java.security.CodeSource::matchCerts (254 bytes)
Event: 6.781 Thread 0x000001fd128206e0 nmethod 556 0x000001fd095b9e90 code [0x000001fd095ba0a0, 0x000001fd095ba5b8]
Event: 6.785 Thread 0x000001fd128206e0  557       1       java.io.WinNTFileSystem::resolve (275 bytes)
Event: 6.787 Thread 0x000001fd128206e0 nmethod 557 0x000001fd095b7b90 code [0x000001fd095b7ea0, 0x000001fd095b8e58]
Event: 6.787 Thread 0x000001fd128206e0  558       1       java.lang.String::<init> (10 bytes)
Event: 6.787 Thread 0x000001fd128206e0 nmethod 558 0x000001fd095b7810 code [0x000001fd095b79a0, 0x000001fd095b7aa8]
Event: 6.790 Thread 0x000001fd128206e0  560   !   1       jdk.internal.loader.URLClassPath$FileLoader::getResource (164 bytes)
Event: 6.791 Thread 0x000001fd128206e0 nmethod 560 0x000001fd095b6590 code [0x000001fd095b6840, 0x000001fd095b7148]
Event: 6.791 Thread 0x000001fd128206e0  561       1       java.io.File::<init> (111 bytes)
Event: 6.791 Thread 0x000001fd128206e0 nmethod 561 0x000001fd095b5b90 code [0x000001fd095b5dc0, 0x000001fd095b62e8]
Event: 6.791 Thread 0x000001fd128206e0  562       1       java.util.jar.Manifest::getAttributes (14 bytes)
Event: 6.792 Thread 0x000001fd128206e0 nmethod 562 0x000001fd095b5810 code [0x000001fd095b59a0, 0x000001fd095b5ac8]

GC Heap History (0 events):
No events

Deoptimization events (0 events):
No events

Classes unloaded (0 events):
No events

Classes redefined (0 events):
No events

Internal exceptions (2 events):
Event: 6.378 Thread 0x000001fd067ca7e0 Exception <a 'java/lang/ClassNotFoundException'{0x00000000a7553288}: javax/smartcardio/CardPermission> (0x00000000a7553288) 
thrown [e:\jenkins\tmp\workspace\build\src\src\hotspot\share\classfile\systemDictionary.cpp, line 256]
Event: 6.397 Thread 0x000001fd067ca7e0 Exception <a 'java/io/FileNotFoundException'{0x00000000a75617d8}> (0x00000000a75617d8) 
thrown [e:\jenkins\tmp\workspace\build\src\src\hotspot\share\prims\jni.cpp, line 516]

VM Operations (12 events):
Event: 1.000 Executing VM operation: HandshakeAllThreads
Event: 1.000 Executing VM operation: HandshakeAllThreads done
Event: 2.003 Executing VM operation: Cleanup
Event: 2.003 Executing VM operation: Cleanup done
Event: 4.021 Executing VM operation: Cleanup
Event: 4.021 Executing VM operation: Cleanup done
Event: 5.028 Executing VM operation: Cleanup
Event: 5.028 Executing VM operation: Cleanup done
Event: 6.036 Executing VM operation: Cleanup
Event: 6.037 Executing VM operation: Cleanup done
Event: 6.456 Executing VM operation: HandshakeAllThreads
Event: 6.456 Executing VM operation: HandshakeAllThreads done

Events (20 events):
Event: 6.623 loading class org/xml/sax/AttributeList
Event: 6.623 loading class org/xml/sax/AttributeList done
Event: 6.624 loading class org/xml/sax/Attributes
Event: 6.624 loading class org/xml/sax/Attributes done
Event: 6.624 loading class org/xml/sax/Locator
Event: 6.624 loading class org/xml/sax/Locator done
Event: 6.628 loading class java/io/UnsupportedEncodingException
Event: 6.628 loading class java/io/UnsupportedEncodingException done
Event: 6.631 loading class java/security/PrivilegedActionException
Event: 6.631 loading class java/security/PrivilegedActionException done
Event: 6.677 loading class java/io/StringReader
Event: 6.677 loading class java/io/StringReader done
Event: 6.684 loading class java/util/Stack
Event: 6.685 loading class java/util/Stack done
Event: 6.704 loading class java/io/EOFException
Event: 6.704 loading class java/io/EOFException done
Event: 6.718 loading class java/lang/NumberFormatException
Event: 6.718 loading class java/lang/NumberFormatException done
Event: 6.732 loading class java/io/CharConversionException
Event: 6.732 loading class java/io/CharConversionException done


Dynamic libraries:
0x00007ff65be60000 - 0x00007ff65be6e000 	c:\Users\phcfr\.vscode\extensions\redhat.java-1.4.0\jre\17.0.2-win32-x86_64\bin\java.exe
0x00007ffcc9da0000 - 0x00007ffcc9fa9000 	C:\WINDOWS\SYSTEM32\ntdll.dll
0x00007ffcc8e30000 - 0x00007ffcc8eed000 	C:\WINDOWS\System32\KERNEL32.DLL
0x00007ffcc73b0000 - 0x00007ffcc7724000 	C:\WINDOWS\System32\KERNELBASE.dll
0x00007ffcc7880000 - 0x00007ffcc7991000 	C:\WINDOWS\System32\ucrtbase.dll
0x00007ffcb6a70000 - 0x00007ffcb6a88000 	c:\Users\phcfr\.vscode\extensions\redhat.java-1.4.0\jre\17.0.2-win32-x86_64\bin\jli.dll
0x00007ffcc9960000 - 0x00007ffcc9b0c000 	C:\WINDOWS\System32\USER32.dll
0x00007ffcc7850000 - 0x00007ffcc7876000 	C:\WINDOWS\System32\win32u.dll
0x00007ffcbc2c0000 - 0x00007ffcbc2d9000 	c:\Users\phcfr\.vscode\extensions\redhat.java-1.4.0\jre\17.0.2-win32-x86_64\bin\VCRUNTIME140.dll
0x00007ffcc8a70000 - 0x00007ffcc8a99000 	C:\WINDOWS\System32\GDI32.dll
0x00007ffcc7730000 - 0x00007ffcc7842000 	C:\WINDOWS\System32\gdi32full.dll
0x00007ffca2d20000 - 0x00007ffca2fc5000 	C:\WINDOWS\WinSxS\amd64_microsoft.windows.common-controls_6595b64144ccf1df_6.0.22000.120_none_9d947278b86cc467\COMCTL32.dll
0x00007ffcc9c30000 - 0x00007ffcc9cd3000 	C:\WINDOWS\System32\msvcrt.dll
0x00007ffcc7290000 - 0x00007ffcc732d000 	C:\WINDOWS\System32\msvcp_win.dll
0x00007ffcc8f10000 - 0x00007ffcc8f41000 	C:\WINDOWS\System32\IMM32.DLL
0x00007ffcc1390000 - 0x00007ffcc139c000 	c:\Users\phcfr\.vscode\extensions\redhat.java-1.4.0\jre\17.0.2-win32-x86_64\bin\vcruntime140_1.dll
0x00007ffcacdb0000 - 0x00007ffcace41000 	c:\Users\phcfr\.vscode\extensions\redhat.java-1.4.0\jre\17.0.2-win32-x86_64\bin\msvcp140.dll
0x00007ffc6f110000 - 0x00007ffc6fd57000 	c:\Users\phcfr\.vscode\extensions\redhat.java-1.4.0\jre\17.0.2-win32-x86_64\bin\server\jvm.dll
0x00007ffcc9b10000 - 0x00007ffcc9bbe000 	C:\WINDOWS\System32\ADVAPI32.dll
0x00007ffcc8bb0000 - 0x00007ffcc8c4e000 	C:\WINDOWS\System32\sechost.dll
0x00007ffcc88c0000 - 0x00007ffcc89e0000 	C:\WINDOWS\System32\RPCRT4.dll
0x00007ffcc9950000 - 0x00007ffcc9958000 	C:\WINDOWS\System32\PSAPI.DLL
0x00007ffca1f90000 - 0x00007ffca1f99000 	C:\WINDOWS\SYSTEM32\WSOCK32.dll
0x00007ffcc9cf0000 - 0x00007ffcc9d5f000 	C:\WINDOWS\System32\WS2_32.dll
0x00007ffcc1ca0000 - 0x00007ffcc1cd3000 	C:\WINDOWS\SYSTEM32\WINMM.dll
0x00007ffcbdc90000 - 0x00007ffcbdc9a000 	C:\WINDOWS\SYSTEM32\VERSION.dll
0x00007ffcc6390000 - 0x00007ffcc63a8000 	C:\WINDOWS\SYSTEM32\kernel.appcore.dll
0x00007ffcc1350000 - 0x00007ffcc135a000 	c:\Users\phcfr\.vscode\extensions\redhat.java-1.4.0\jre\17.0.2-win32-x86_64\bin\jimage.dll
0x00007ffcc4ec0000 - 0x00007ffcc50e1000 	C:\WINDOWS\SYSTEM32\DBGHELP.DLL
0x00007ffcbe5e0000 - 0x00007ffcbe611000 	C:\WINDOWS\SYSTEM32\dbgcore.DLL
0x00007ffcc7330000 - 0x00007ffcc73af000 	C:\WINDOWS\System32\bcryptPrimitives.dll
0x00007ffcb66c0000 - 0x00007ffcb66e5000 	c:\Users\phcfr\.vscode\extensions\redhat.java-1.4.0\jre\17.0.2-win32-x86_64\bin\java.dll
0x00007ffcb6990000 - 0x00007ffcb69a8000 	c:\Users\phcfr\.vscode\extensions\redhat.java-1.4.0\jre\17.0.2-win32-x86_64\bin\zip.dll
0x00007ffcc8f60000 - 0x00007ffcc970e000 	C:\WINDOWS\System32\SHELL32.dll
0x00007ffcc5400000 - 0x00007ffcc5c67000 	C:\WINDOWS\SYSTEM32\windows.storage.dll
0x00007ffcc7c40000 - 0x00007ffcc7fb8000 	C:\WINDOWS\System32\combase.dll
0x00007ffcc5290000 - 0x00007ffcc53f6000 	C:\WINDOWS\SYSTEM32\wintypes.dll
0x00007ffcc87d0000 - 0x00007ffcc88ba000 	C:\WINDOWS\System32\SHCORE.dll
0x00007ffcc8770000 - 0x00007ffcc87cd000 	C:\WINDOWS\System32\shlwapi.dll
0x00007ffcc71c0000 - 0x00007ffcc71e1000 	C:\WINDOWS\SYSTEM32\profapi.dll
0x00007ffcb6860000 - 0x00007ffcb6879000 	C:\Users\phcfr\.vscode\extensions\redhat.java-1.4.0\jre\17.0.2-win32-x86_64\bin\net.dll
0x00007ffcc29b0000 - 0x00007ffcc2abc000 	C:\WINDOWS\SYSTEM32\WINHTTP.dll
0x00007ffcc6830000 - 0x00007ffcc6897000 	C:\WINDOWS\system32\mswsock.dll
0x00007ffcb6610000 - 0x00007ffcb6625000 	C:\Users\phcfr\.vscode\extensions\redhat.java-1.4.0\jre\17.0.2-win32-x86_64\bin\nio.dll
0x00007ffcbea70000 - 0x00007ffcbea80000 	c:\Users\phcfr\.vscode\extensions\redhat.java-1.4.0\jre\17.0.2-win32-x86_64\bin\verify.dll

dbghelp: loaded successfully - version: 4.0.5 - missing functions: none
symbol engine: initialized successfully - sym options: 0x614 - pdb path: .;c:\Users\phcfr\.vscode\extensions\redhat.java-1.4.0\jre\17.0.2-win32-x86_64\bin;C:\WINDOWS\SYSTEM32;C:\WINDOWS\WinSxS\amd64_microsoft.windows.common-controls_6595b64144ccf1df_6.0.22000.120_none_9d947278b86cc467;c:\Users\phcfr\.vscode\extensions\redhat.java-1.4.0\jre\17.0.2-win32-x86_64\bin\server

VM Arguments:
jvm_args: -Dsts.lsp.client=vscode -Dsts.log.file=/dev/null -XX:TieredStopAtLevel=1 -Dspring.config.location=file:c:\Users\phcfr\.vscode\extensions\pivotal.vscode-spring-boot-1.32.0\language-server\BOOT-INF\classes\application.properties 
java_command: org.springframework.ide.vscode.boot.app.BootLanguageServerBootApp
java_class_path (initial): c:\Users\phcfr\.vscode\extensions\pivotal.vscode-spring-boot-1.32.0\language-server\BOOT-INF\classes;c:\Users\phcfr\.vscode\extensions\pivotal.vscode-spring-boot-1.32.0\language-server\BOOT-INF\lib\antlr4-runtime-4.5.3.jar;c:\Users\phcfr\.vscode\extensions\pivotal.vscode-spring-boot-1.32.0\language-server\BOOT-INF\lib\byte-buddy-1.10.18.jar;c:\Users\phcfr\.vscode\extensions\pivotal.vscode-spring-boot-1.32.0\language-server\BOOT-INF\lib\commons-codec-1.14.jar;c:\Users\phcfr\.vscode\extensions\pivotal.vscode-spring-boot-1.32.0\language-server\BOOT-INF\lib\commons-io-2.4.jar;c:\Users\phcfr\.vscode\extensions\pivotal.vscode-spring-boot-1.32.0\language-server\BOOT-INF\lib\commons-java-1.32.0-SNAPSHOT.jar;c:\Users\phcfr\.vscode\extensions\pivotal.vscode-spring-boot-1.32.0\language-server\BOOT-INF\lib\commons-lang3-3.10.jar;c:\Users\phcfr\.vscode\extensions\pivotal.vscode-spring-boot-1.32.0\language-server\BOOT-INF\lib\commons-language-server-1.32.0-SNAPSHOT.jar;c:\Users\phcfr\.vscode\extensions\pivotal.vscode-spring-boot-1.32.0\language-server\BOOT-INF\lib\commons-lsp-extensions-1.32.0-SNAPSHOT.jar;c:\Users\phcfr\.vscode\extensions\pivotal.vscode-spring-boot-1.32.0\language-server\BOOT-INF\lib\commons-util-1.32.0-SNAPSHOT.jar;c:\Users\phcfr\.vscode\extensions\pivotal.vscode-spring-boot-1.32.0\language-server\BOOT-INF\lib\commons-yaml-1.32.0-SNAPSHOT.jar;c:\Users\phcfr\.vscode\extensions\pivotal.vscode-spring-boot-1.32.0\language-server\BOOT-INF\lib\gson-2.8.6.jar;c:\Users\phcfr\.vscode\extensions\pivotal.vscode-spring-boot-1.32.0\language-server\BOOT-INF\lib\guava-19.0.jar;c:\Users\phcfr\.vscode\extensions\pivotal.vscode-spring-boot-1.32.0\language-server\BOOT-INF\lib\jakarta.annotation-api-1.3.5.jar;c:\Users\phcfr\.vscode\extensions\pivotal.vscode-spring-boot-1.32.0\language-server\BOOT-INF\lib\jandex-2.0.5.Final.jar;c:\Users\phcfr\.vscode\extensions\pivotal.vscode-spring-boot-1.32.0\language-server\BOOT-INF\lib\java-properties-1.32.0-SNAPSHO
Launcher Type: SUN_STANDARD

[Global flags]
     intx CICompilerCount                          = 4                                         {product} {ergonomic}
     uint ConcGCThreads                            = 2                                         {product} {ergonomic}
     uint G1ConcRefinementThreads                  = 8                                         {product} {ergonomic}
   size_t G1HeapRegionSize                         = 1048576                                   {product} {ergonomic}
    uintx GCDrainStackTargetSize                   = 64                                        {product} {ergonomic}
   size_t InitialHeapSize                          = 100663296                                 {product} {ergonomic}
   size_t MarkStackSize                            = 4194304                                   {product} {ergonomic}
   size_t MaxHeapSize                              = 1579155456                                {product} {ergonomic}
   size_t MaxNewSize                               = 946864128                                 {product} {ergonomic}
   size_t MinHeapDeltaBytes                        = 1048576                                   {product} {ergonomic}
   size_t MinHeapSize                              = 8388608                                   {product} {ergonomic}
    uintx NonProfiledCodeHeapSize                  = 0                                      {pd product} {ergonomic}
     bool ProfileInterpreter                       = false                                  {pd product} {command line}
    uintx ProfiledCodeHeapSize                     = 0                                      {pd product} {ergonomic}
   size_t SoftMaxHeapSize                          = 1579155456                             {manageable} {ergonomic}
     intx TieredStopAtLevel                        = 1                                         {product} {command line}
     bool UseCompressedClassPointers               = true                           {product lp64_product} {ergonomic}
     bool UseCompressedOops                        = true                           {product lp64_product} {ergonomic}
     bool UseG1GC                                  = true                                      {product} {ergonomic}
     bool UseLargePagesIndividualAllocation        = false                                  {pd product} {ergonomic}

Logging:
Log output configuration:
 #0: stdout all=warning uptime,level,tags
 #1: stderr all=off uptime,level,tags

Environment Variables:
PATH=C:\Program Files\Common Files\Oracle\Java\javapath;C:\Program Files (x86)\Common Files\Oracle\Java\javapath;C:\ProgramData\Oracle\Java\javapath;C:\Program Files\AdoptOpenJDK\jdk-11.0.11.9-hotspot\bin;C:\WINDOWS\system32;C:\WINDOWS;C:\WINDOWS\System32\Wbem;C:\WINDOWS\System32\WindowsPowerShell\v1.0\;C:\WINDOWS\System32\OpenSSH\;C:\Program Files (x86)\Microsoft SQL Server\150\DTS\Binn\;C:\Program Files\Azure Data Studio\bin;C:\Program Files (x86)\Microsoft SQL Server\150\Tools\Binn\;C:\Program Files\Microsoft SQL Server\150\Tools\Binn\;C:\Program Files\Microsoft SQL Server\150\DTS\Binn\;C:\Program Files\Microsoft SQL Server\Client SDK\ODBC\170\Tools\Binn\;C:\Users\phcfr\OneDrive\Área de Trabalho\PastaMack\;C:\Program Files\nodejs\;C:\Program Files\Git\cmd;C:\Ruby31-x64\bin;C:\Users\phcfr\AppData\Local\Microsoft\WindowsApps;C:\Users\phcfr\Downloads\apache-maven-3.8.1\bin;C:\Users\phcfr\AppData\Local\Programs\Microsoft VS Code\bin;C:\Users\phcfr\AppData\Roaming\npm;C:\Program Files\heroku\bin;C:\Program Files\Java\jre1.8.0_301\bin;
USERNAME=phcfr
OS=Windows_NT
PROCESSOR_IDENTIFIER=AMD64 Family 23 Model 24 Stepping 1, AuthenticAMD



---------------  S Y S T E M  ---------------

OS:
 Windows 11 , 64 bit Build 22000 (10.0.22000.434)
OS uptime: 27 days 2:05 hours

CPU: total 8 (initial active 8) (8 cores per cpu, 2 threads per core) family 23 model 24 stepping 1 microcode 0x0, cx8, cmov, fxsr, ht, mmx, 3dnowpref, sse, sse2, sse3, ssse3, sse4a, sse4.1, sse4.2, popcnt, lzcnt, tsc, tscinvbit, avx, avx2, aes, clmul, bmi1, bmi2, adx, sha, fma, vzeroupper, clflush, clflushopt

Memory: 4k page, system-wide physical 6020M (472M free)
TotalPageFile size 24452M (AvailPageFile size 0M)
current process WorkingSet (physical memory assigned to process): 47M, peak: 47M
current process commit charge ("private bytes"): 173M, peak: 173M

vm_info: OpenJDK 64-Bit Server VM (17.0.2+8) for windows-amd64 JRE (17.0.2+8), built on Jan 20 2022 04:52:34 by "" with MS VC++ 16.7 (VS2019)

END.
